 
****************************************
Report : qor
Design : fme
Version: L-2016.03-SP1
Date   : Tue Nov 14 15:53:56 2017
****************************************


  Timing Path Group 'CLOCK'
  -----------------------------------
  Levels of Logic:              12.00
  Critical Path Length:          1.25
  Critical Path Slack:          10.62
  Critical Path Clk Period:     39.57
  Total Negative Slack:          0.00
  No. of Violating Paths:        0.00
  Worst Hold Violation:          0.00
  Total Hold Violation:          0.00
  No. of Hold Violations:        0.00
  -----------------------------------


  Cell Count
  -----------------------------------
  Hierarchical Cell Count:       1705
  Hierarchical Port Count:      51708
  Leaf Cell Count:              34797
  Buf/Inv Cell Count:            5039
  Buf Cell Count:                 703
  Inv Cell Count:                4336
  CT Buf/Inv Cell Count:            0
  Combinational Cell Count:     20205
  Sequential Cell Count:        14592
  Macro Count:                      0
  -----------------------------------


  Area
  -----------------------------------
  Combinational Area:    42712.790758
  Noncombinational Area: 80986.477470
  Buf/Inv Area:           2932.826495
  Total Buffer Area:           620.40
  Total Inverter Area:        2312.43
  Macro/Black Box Area:      0.000000
  Net Area:                  0.000000
  Net XLength        :      689971.75
  Net YLength        :      516881.16
  -----------------------------------
  Cell Area:            123699.268228
  Design Area:          123699.268228
  Net Length        :      1206852.88


  Design Rules
  -----------------------------------
  Total Number of Nets:         40538
  Nets With Violations:             3
  Max Trans Violations:             0
  Max Cap Violations:               3
  -----------------------------------


  Hostname: sagittarius-a

  Compile CPU Statistics
  -----------------------------------------
  Resource Sharing:                    0.00
  Logic Optimization:                  0.00
  Mapping Optimization:             1420.52
  -----------------------------------------
  Overall Compile Time:             1531.32
  Overall Compile Wall Clock Time:   315.94

  --------------------------------------------------------------------

  Design  WNS: 0.00  TNS: 0.00  Number of Violating Paths: 0


  Design (Hold)  WNS: 0.00  TNS: 0.00  Number of Violating Paths: 0

  --------------------------------------------------------------------


1
