 
****************************************
Report : constraint
        -all_violators
        -max_delay
        -min_delay
        -max_capacitance
        -max_transition
Design : fme
Version: L-2016.03-SP1
Date   : Tue Nov 14 17:23:49 2017
****************************************


   max_capacitance

                             Required        Actual
   Net                      Capacitance    Capacitance       Slack
   -----------------------------------------------------------------
   fme_op/out_fils_25[3]       0.022          0.022          0.000  (VIOLATED: increase significant digits)
   fme_op/out_fils_17[1]       0.022          0.022          0.000  (VIOLATED: increase significant digits)

   -----------------------------------------------------------------
   Total                      2                 -0.000  

1
