 
****************************************
Report : qor
Design : fme
Version: M-2016.12-SP4
Date   : Fri Jun 23 12:41:52 2017
****************************************


  Timing Path Group 'CLOCK'
  -----------------------------------
  Levels of Logic:              11.00
  Critical Path Length:          1.12
  Critical Path Slack:           0.37
  Critical Path Clk Period:      4.95
  Total Negative Slack:          0.00
  No. of Violating Paths:        0.00
  Worst Hold Violation:          0.00
  Total Hold Violation:          0.00
  No. of Hold Violations:        0.00
  -----------------------------------


  Cell Count
  -----------------------------------
  Hierarchical Cell Count:       1705
  Hierarchical Port Count:      51707
  Leaf Cell Count:              34866
  Buf/Inv Cell Count:            5101
  Buf Cell Count:                 763
  Inv Cell Count:                4338
  CT Buf/Inv Cell Count:            0
  Combinational Cell Count:     20274
  Sequential Cell Count:        14592
  Macro Count:                      0
  -----------------------------------


  Area
  -----------------------------------
  Combinational Area:    42762.888362
  Noncombinational Area: 80986.477470
  Buf/Inv Area:           2981.512897
  Total Buffer Area:           661.15
  Total Inverter Area:        2320.37
  Macro/Black Box Area:      0.000000
  Net Area:                  0.000000
  Net XLength        :      659675.25
  Net YLength        :      566310.12
  -----------------------------------
  Cell Area:            123749.365832
  Design Area:          123749.365832
  Net Length        :      1225985.38


  Design Rules
  -----------------------------------
  Total Number of Nets:         40598
  Nets With Violations:             2
  Max Trans Violations:             0
  Max Cap Violations:               2
  -----------------------------------


  Hostname: sagittarius-a

  Compile CPU Statistics
  -----------------------------------------
  Resource Sharing:                    0.00
  Logic Optimization:                  0.00
  Mapping Optimization:              467.48
  -----------------------------------------
  Overall Compile Time:              574.20
  Overall Compile Wall Clock Time:   164.18

  --------------------------------------------------------------------

  Design  WNS: 0.00  TNS: 0.00  Number of Violating Paths: 0


  Design (Hold)  WNS: 0.00  TNS: 0.00  Number of Violating Paths: 0

  --------------------------------------------------------------------


1
