 
****************************************
Report : area
Design : fme
Version: M-2016.12-SP4
Date   : Fri Jun 23 12:41:55 2017
****************************************

Library(s) Used:

    tcbn45gsbwptc_ccs (File: /home/library/tsmc_library/45nm/nominal_vt/digital/Front_End/timing_power_noise/CCS/tcbn45gsbwp_120a/tcbn45gsbwptc_ccs.db)

Number of ports:                        53263
Number of nets:                         92103
Number of cells:                        36636
Number of combinational cells:          20274
Number of sequential cells:             14657
Number of macros/black boxes:               0
Number of buf/inv:                       5101
Number of references:                       4

Combinational area:              42762.888362
Buf/Inv area:                     2981.512897
Noncombinational area:           80986.477470
Macro/Black Box area:                0.000000
Net Interconnect area:      undefined  (Wire load has zero net area)

Total cell area:                123749.365832
Total area:                 undefined

Core Area:                    206833
Aspect Ratio:                 1.0003
Utilization Ratio:            0.5983


The above information was reported from the logical library. The following are from the physical library:

  Total moveable cell area: 123749.4
  Total fixed cell area: 0.0
  Total physical cell area: 123749.4
 Core area: 0.000, 0.000, 454.720, 454.860
1
