Information: Propagating switching activity (low effort zero delay simulation). (PWR-6)
Warning: Design has unannotated primary inputs. (PWR-414)
Warning: Design has unannotated sequential cell outputs. (PWR-415)
 
****************************************
Report : power
        -hier
        -analysis_effort low
Design : fme
Version: L-2016.03-SP1
Date   : Tue Nov 14 15:54:15 2017
****************************************


Library(s) Used:

    tcbn45gsbwptc_ccs (File: /home/library/tsmc_library/45nm/nominal_vt/digital/Front_End/timing_power_noise/CCS/tcbn45gsbwp_120a/tcbn45gsbwptc_ccs.db)


Operating Conditions: NCCOM   Library: tcbn45gsbwptc_ccs
Wire Load Model Mode: Inactive.


Global Operating Voltage = 0.9  
Power-specific unit information :
    Voltage Units = 1V
    Capacitance Units = 1.000000pf
    Time Units = 1ns
    Dynamic Power Units = 1mW    (derived from V,C,T units)
    Leakage Power Units = 1nW

Information: Reporting correlated power. (PWR-620)

--------------------------------------------------------------------------------
                                       Switch   Int      Leak     Total
Hierarchy                              Power    Power    Power    Power    %
--------------------------------------------------------------------------------
fme                                       0.428    2.184 1.20e+06    3.814 100.0
CLOCK_TREE_EST                            0.321 5.92e-02 1.55e+04    0.396  10.4
  fme_op (fme_operativo_DATA_WIDTH8)      0.107    2.124 1.18e+06    3.416  89.6
    buffer_diag_c (buffer_diagonais_DATA_WIDTH8_0) 5.80e-03    0.304 9.51e+04    0.405  10.6
    buffer_diag_b (buffer_diagonais_DATA_WIDTH8_1) 5.45e-03    0.304 9.51e+04    0.405  10.6
    buffer_diag_a (buffer_diagonais_DATA_WIDTH8_2) 7.92e-03    0.304 9.58e+04    0.408  10.7
    buffer_ver (buffer_verticais_DATA_WIDTH8) 6.14e-03    0.243 7.86e+04    0.328   8.6
    buffer_c_inferior (buffer_ah_DATA_WIDTH8_0) 3.59e-03    0.103 4.21e+04    0.149   3.9
    buffer_c_superior (buffer_ah_DATA_WIDTH8_1) 3.90e-03    0.103 4.21e+04    0.149   3.9
    buffer_b_inferior (buffer_ah_DATA_WIDTH8_2) 3.96e-03    0.103 4.22e+04    0.149   3.9
    buffer_b_superior (buffer_ah_DATA_WIDTH8_3) 3.98e-03    0.103 4.21e+04    0.149   3.9
      tb_cell_7_8 (transpose_buffer_cell_DATA_WIDTH10_216) 4.04e-05 1.42e-03  558.846 2.02e-03   0.1
      tb_cell_7_7 (transpose_buffer_cell_DATA_WIDTH10_217) 2.81e-05 1.42e-03  555.701 2.00e-03   0.1
      tb_cell_7_6 (transpose_buffer_cell_DATA_WIDTH10_218) 3.08e-05 1.42e-03  558.866 2.01e-03   0.1
      tb_cell_7_5 (transpose_buffer_cell_DATA_WIDTH10_219) 3.04e-05 1.42e-03  558.872 2.01e-03   0.1
      tb_cell_7_4 (transpose_buffer_cell_DATA_WIDTH10_220) 3.00e-05 1.42e-03  558.849 2.01e-03   0.1
      tb_cell_7_3 (transpose_buffer_cell_DATA_WIDTH10_221) 3.80e-05 1.42e-03  558.844 2.02e-03   0.1
      tb_cell_7_2 (transpose_buffer_cell_DATA_WIDTH10_222) 3.82e-05 1.42e-03  558.829 2.02e-03   0.1
      tb_cell_7_1 (transpose_buffer_cell_DATA_WIDTH10_223) 3.85e-05 1.42e-03  558.839 2.02e-03   0.1
      tb_cell_7_0 (transpose_buffer_cell_DATA_WIDTH10_224) 4.44e-05 1.42e-03  558.842 2.02e-03   0.1
      tb_cell_6_8 (transpose_buffer_cell_DATA_WIDTH10_225) 5.78e-05 1.42e-03  559.449 2.04e-03   0.1
      tb_cell_6_7 (transpose_buffer_cell_DATA_WIDTH10_226) 6.48e-05 1.42e-03  565.164 2.05e-03   0.1
      tb_cell_6_6 (transpose_buffer_cell_DATA_WIDTH10_227) 6.37e-05 1.42e-03  565.198 2.05e-03   0.1
      tb_cell_6_5 (transpose_buffer_cell_DATA_WIDTH10_228) 6.10e-05 1.42e-03  565.184 2.05e-03   0.1
      tb_cell_6_4 (transpose_buffer_cell_DATA_WIDTH10_229) 6.10e-05 1.42e-03  565.127 2.05e-03   0.1
      tb_cell_6_3 (transpose_buffer_cell_DATA_WIDTH10_230) 4.00e-05 1.42e-03  556.263 2.02e-03   0.1
      tb_cell_6_2 (transpose_buffer_cell_DATA_WIDTH10_231) 5.34e-05 1.42e-03  559.398 2.04e-03   0.1
      tb_cell_6_1 (transpose_buffer_cell_DATA_WIDTH10_232) 5.45e-05 1.42e-03  559.401 2.04e-03   0.1
      tb_cell_6_0 (transpose_buffer_cell_DATA_WIDTH10_233) 4.19e-05 1.42e-03  559.416 2.02e-03   0.1
      tb_cell_5_8 (transpose_buffer_cell_DATA_WIDTH10_234) 5.38e-05 1.42e-03  556.978 2.04e-03   0.1
      tb_cell_5_7 (transpose_buffer_cell_DATA_WIDTH10_235) 3.57e-05 1.42e-03  556.941 2.02e-03   0.1
      tb_cell_5_6 (transpose_buffer_cell_DATA_WIDTH10_236) 3.28e-05 1.42e-03  556.957 2.01e-03   0.1
      tb_cell_5_5 (transpose_buffer_cell_DATA_WIDTH10_237) 3.04e-05 1.42e-03  556.933 2.01e-03   0.1
      tb_cell_5_4 (transpose_buffer_cell_DATA_WIDTH10_238) 3.44e-05 1.42e-03  556.899 2.01e-03   0.1
      tb_cell_5_3 (transpose_buffer_cell_DATA_WIDTH10_239) 3.76e-05 1.42e-03  560.056 2.02e-03   0.1
      tb_cell_5_2 (transpose_buffer_cell_DATA_WIDTH10_240) 3.18e-05 1.42e-03  556.910 2.01e-03   0.1
      tb_cell_5_1 (transpose_buffer_cell_DATA_WIDTH10_241) 4.55e-05 1.42e-03  560.045 2.03e-03   0.1
      tb_cell_5_0 (transpose_buffer_cell_DATA_WIDTH10_242) 4.61e-05 1.42e-03  560.065 2.03e-03   0.1
      tb_cell_4_8 (transpose_buffer_cell_DATA_WIDTH10_243) 6.01e-05 1.43e-03  557.590 2.04e-03   0.1
      tb_cell_4_7 (transpose_buffer_cell_DATA_WIDTH10_244) 3.45e-05 1.43e-03  557.552 2.02e-03   0.1
      tb_cell_4_6 (transpose_buffer_cell_DATA_WIDTH10_245) 3.48e-05 1.43e-03  557.579 2.02e-03   0.1
      tb_cell_4_5 (transpose_buffer_cell_DATA_WIDTH10_246) 3.56e-05 1.43e-03  557.538 2.02e-03   0.1
      tb_cell_4_4 (transpose_buffer_cell_DATA_WIDTH10_247) 3.59e-05 1.43e-03  557.501 2.02e-03   0.1
      tb_cell_4_3 (transpose_buffer_cell_DATA_WIDTH10_248) 3.42e-05 1.43e-03  557.510 2.02e-03   0.1
      tb_cell_4_2 (transpose_buffer_cell_DATA_WIDTH10_249) 5.95e-05 1.43e-03  566.372 2.05e-03   0.1
      tb_cell_4_1 (transpose_buffer_cell_DATA_WIDTH10_250) 4.30e-05 1.43e-03  560.640 2.03e-03   0.1
      tb_cell_4_0 (transpose_buffer_cell_DATA_WIDTH10_251) 3.98e-05 1.43e-03  557.547 2.02e-03   0.1
      tb_cell_3_8 (transpose_buffer_cell_DATA_WIDTH10_252) 5.21e-05 1.43e-03  558.304 2.04e-03   0.1
      tb_cell_3_7 (transpose_buffer_cell_DATA_WIDTH10_253) 3.36e-05 1.43e-03  558.284 2.02e-03   0.1
      tb_cell_3_6 (transpose_buffer_cell_DATA_WIDTH10_254) 3.55e-05 1.43e-03  558.306 2.02e-03   0.1
      tb_cell_3_5 (transpose_buffer_cell_DATA_WIDTH10_255) 3.47e-05 1.43e-03  558.260 2.02e-03   0.1
      tb_cell_3_4 (transpose_buffer_cell_DATA_WIDTH10_256) 3.59e-05 1.43e-03  558.249 2.02e-03   0.1
      tb_cell_3_3 (transpose_buffer_cell_DATA_WIDTH10_257) 3.49e-05 1.43e-03  558.231 2.02e-03   0.1
      tb_cell_3_2 (transpose_buffer_cell_DATA_WIDTH10_258) 4.08e-05 1.43e-03  558.216 2.03e-03   0.1
      tb_cell_3_1 (transpose_buffer_cell_DATA_WIDTH10_259) 6.50e-05 1.43e-03  567.089 2.06e-03   0.1
      tb_cell_3_0 (transpose_buffer_cell_DATA_WIDTH10_260) 4.32e-05 1.43e-03  561.434 2.03e-03   0.1
      tb_cell_2_8 (transpose_buffer_cell_DATA_WIDTH10_261) 5.94e-05 1.43e-03  562.349 2.05e-03   0.1
      tb_cell_2_7 (transpose_buffer_cell_DATA_WIDTH10_262) 4.08e-05 1.43e-03  559.202 2.03e-03   0.1
      tb_cell_2_6 (transpose_buffer_cell_DATA_WIDTH10_263) 4.38e-05 1.43e-03  559.214 2.03e-03   0.1
      tb_cell_2_5 (transpose_buffer_cell_DATA_WIDTH10_264) 4.18e-05 1.43e-03  559.162 2.03e-03   0.1
      tb_cell_2_4 (transpose_buffer_cell_DATA_WIDTH10_265) 3.93e-05 1.43e-03  559.169 2.03e-03   0.1
      tb_cell_2_3 (transpose_buffer_cell_DATA_WIDTH10_266) 4.11e-05 1.43e-03  559.162 2.03e-03   0.1
      tb_cell_2_2 (transpose_buffer_cell_DATA_WIDTH10_267) 4.57e-05 1.43e-03  559.142 2.04e-03   0.1
      tb_cell_2_1 (transpose_buffer_cell_DATA_WIDTH10_268) 5.43e-05 1.43e-03  559.141 2.04e-03   0.1
      tb_cell_2_0 (transpose_buffer_cell_DATA_WIDTH10_269) 4.42e-05 1.43e-03  562.368 2.04e-03   0.1
      tb_cell_1_8 (transpose_buffer_cell_DATA_WIDTH10_270) 7.82e-05 1.43e-03  563.298 2.08e-03   0.1
      tb_cell_1_7 (transpose_buffer_cell_DATA_WIDTH10_271) 4.35e-05 1.43e-03  563.288 2.04e-03   0.1
      tb_cell_1_6 (transpose_buffer_cell_DATA_WIDTH10_272) 3.73e-05 1.43e-03  560.147 2.03e-03   0.1
      tb_cell_1_5 (transpose_buffer_cell_DATA_WIDTH10_273) 3.45e-05 1.43e-03  560.090 2.03e-03   0.1
      tb_cell_1_4 (transpose_buffer_cell_DATA_WIDTH10_274) 4.13e-05 1.43e-03  560.084 2.04e-03   0.1
      tb_cell_1_3 (transpose_buffer_cell_DATA_WIDTH10_275) 3.87e-05 1.43e-03  560.088 2.03e-03   0.1
      tb_cell_1_2 (transpose_buffer_cell_DATA_WIDTH10_276) 4.23e-05 1.43e-03  560.074 2.04e-03   0.1
      tb_cell_1_1 (transpose_buffer_cell_DATA_WIDTH10_277) 8.37e-05 1.43e-03  560.076 2.08e-03   0.1
      tb_cell_1_0 (transpose_buffer_cell_DATA_WIDTH10_278) 4.77e-05 1.43e-03  563.322 2.04e-03   0.1
      tb_cell_0_8 (transpose_buffer_cell_DATA_WIDTH10_279) 8.92e-05 1.44e-03  564.387 2.09e-03   0.1
      tb_cell_0_7 (transpose_buffer_cell_DATA_WIDTH10_280) 4.76e-05 1.44e-03  561.214 2.05e-03   0.1
      tb_cell_0_6 (transpose_buffer_cell_DATA_WIDTH10_281) 5.70e-05 1.44e-03  561.205 2.06e-03   0.1
      tb_cell_0_5 (transpose_buffer_cell_DATA_WIDTH10_282) 5.89e-05 1.44e-03  561.194 2.06e-03   0.1
      tb_cell_0_4 (transpose_buffer_cell_DATA_WIDTH10_283) 6.18e-05 1.44e-03  561.145 2.06e-03   0.1
      tb_cell_0_3 (transpose_buffer_cell_DATA_WIDTH10_284) 6.02e-05 1.44e-03  561.165 2.06e-03   0.1
      tb_cell_0_2 (transpose_buffer_cell_DATA_WIDTH10_285) 4.84e-05 1.44e-03  561.169 2.05e-03   0.1
      tb_cell_0_1 (transpose_buffer_cell_DATA_WIDTH10_286) 4.77e-05 1.44e-03  561.151 2.05e-03   0.1
      tb_cell_0_0 (transpose_buffer_cell_DATA_WIDTH10_287) 1.23e-04 1.44e-03  564.403 2.13e-03   0.1
    buffer_a_inferior (buffer_ah_DATA_WIDTH8_4) 3.71e-03    0.103 4.21e+04    0.149   3.9
      tb_cell_7_8 (transpose_buffer_cell_DATA_WIDTH10_288) 3.80e-05 1.42e-03  558.717 2.02e-03   0.1
      tb_cell_7_7 (transpose_buffer_cell_DATA_WIDTH10_289) 4.51e-05 1.42e-03  558.715 2.03e-03   0.1
      tb_cell_7_6 (transpose_buffer_cell_DATA_WIDTH10_290) 3.90e-05 1.42e-03  558.730 2.02e-03   0.1
      tb_cell_7_5 (transpose_buffer_cell_DATA_WIDTH10_291) 2.96e-05 1.42e-03  555.634 2.01e-03   0.1
      tb_cell_7_4 (transpose_buffer_cell_DATA_WIDTH10_292) 4.17e-05 1.42e-03  558.774 2.02e-03   0.1
      tb_cell_7_3 (transpose_buffer_cell_DATA_WIDTH10_293) 2.86e-05 1.42e-03  555.607 2.01e-03   0.1
      tb_cell_7_2 (transpose_buffer_cell_DATA_WIDTH10_294) 3.56e-05 1.42e-03  558.732 2.02e-03   0.1
      tb_cell_7_1 (transpose_buffer_cell_DATA_WIDTH10_295) 2.79e-05 1.42e-03  555.595 2.00e-03   0.1
      tb_cell_7_0 (transpose_buffer_cell_DATA_WIDTH10_296) 3.97e-05 1.42e-03  558.724 2.02e-03   0.1
      tb_cell_6_8 (transpose_buffer_cell_DATA_WIDTH10_297) 5.84e-05 1.42e-03  559.328 2.04e-03   0.1
      tb_cell_6_7 (transpose_buffer_cell_DATA_WIDTH10_298) 4.32e-05 1.42e-03  556.195 2.02e-03   0.1
      tb_cell_6_6 (transpose_buffer_cell_DATA_WIDTH10_299) 4.71e-05 1.42e-03  559.359 2.03e-03   0.1
      tb_cell_6_5 (transpose_buffer_cell_DATA_WIDTH10_300) 3.51e-05 1.42e-03  556.264 2.01e-03   0.1
      tb_cell_6_4 (transpose_buffer_cell_DATA_WIDTH10_301) 4.06e-05 1.42e-03  556.231 2.02e-03   0.1
      tb_cell_6_3 (transpose_buffer_cell_DATA_WIDTH10_302) 5.62e-05 1.42e-03  559.341 2.04e-03   0.1
      tb_cell_6_2 (transpose_buffer_cell_DATA_WIDTH10_303) 4.51e-05 1.42e-03  559.339 2.03e-03   0.1
      tb_cell_6_1 (transpose_buffer_cell_DATA_WIDTH10_304) 4.76e-05 1.42e-03  559.343 2.03e-03   0.1
      tb_cell_6_0 (transpose_buffer_cell_DATA_WIDTH10_305) 4.95e-05 1.42e-03  565.066 2.04e-03   0.1
      tb_cell_5_8 (transpose_buffer_cell_DATA_WIDTH10_306) 6.09e-05 1.42e-03  559.973 2.04e-03   0.1
      tb_cell_5_7 (transpose_buffer_cell_DATA_WIDTH10_307) 4.00e-05 1.43e-03  559.969 2.03e-03   0.1
      tb_cell_5_6 (transpose_buffer_cell_DATA_WIDTH10_308) 3.95e-05 1.42e-03  556.841 2.02e-03   0.1
      tb_cell_5_5 (transpose_buffer_cell_DATA_WIDTH10_309) 3.56e-05 1.42e-03  556.882 2.02e-03   0.1
      tb_cell_5_4 (transpose_buffer_cell_DATA_WIDTH10_310) 3.17e-05 1.43e-03  556.833 2.01e-03   0.1
      tb_cell_5_3 (transpose_buffer_cell_DATA_WIDTH10_311) 3.18e-05 1.42e-03  556.828 2.01e-03   0.1
      tb_cell_5_2 (transpose_buffer_cell_DATA_WIDTH10_312) 4.84e-05 1.42e-03  559.970 2.03e-03   0.1
      tb_cell_5_1 (transpose_buffer_cell_DATA_WIDTH10_313) 4.80e-05 1.42e-03  559.950 2.03e-03   0.1
      tb_cell_5_0 (transpose_buffer_cell_DATA_WIDTH10_314) 5.42e-05 1.43e-03  565.698 2.04e-03   0.1
      tb_cell_4_8 (transpose_buffer_cell_DATA_WIDTH10_315) 5.13e-05 1.43e-03  557.514 2.03e-03   0.1
      tb_cell_4_7 (transpose_buffer_cell_DATA_WIDTH10_316) 3.91e-05 1.43e-03  557.524 2.02e-03   0.1
      tb_cell_4_6 (transpose_buffer_cell_DATA_WIDTH10_317) 3.62e-05 1.43e-03  557.526 2.02e-03   0.1
      tb_cell_4_5 (transpose_buffer_cell_DATA_WIDTH10_318) 3.75e-05 1.43e-03  557.570 2.02e-03   0.1
      tb_cell_4_4 (transpose_buffer_cell_DATA_WIDTH10_319) 3.48e-05 1.43e-03  557.500 2.02e-03   0.1
      tb_cell_4_3 (transpose_buffer_cell_DATA_WIDTH10_320) 3.52e-05 1.43e-03  557.513 2.02e-03   0.1
      tb_cell_4_2 (transpose_buffer_cell_DATA_WIDTH10_321) 3.99e-05 1.42e-03  557.493 2.02e-03   0.1
      tb_cell_4_1 (transpose_buffer_cell_DATA_WIDTH10_322) 4.28e-05 1.43e-03  557.479 2.03e-03   0.1
      tb_cell_4_0 (transpose_buffer_cell_DATA_WIDTH10_323) 5.37e-05 1.43e-03  560.646 2.04e-03   0.1
      tb_cell_3_8 (transpose_buffer_cell_DATA_WIDTH10_324) 7.16e-05 1.43e-03  561.474 2.06e-03   0.1
      tb_cell_3_7 (transpose_buffer_cell_DATA_WIDTH10_325) 3.80e-05 1.43e-03  558.339 2.02e-03   0.1
      tb_cell_3_6 (transpose_buffer_cell_DATA_WIDTH10_326) 4.15e-05 1.43e-03  558.320 2.03e-03   0.1
      tb_cell_3_5 (transpose_buffer_cell_DATA_WIDTH10_327) 3.94e-05 1.43e-03  558.383 2.02e-03   0.1
      tb_cell_3_4 (transpose_buffer_cell_DATA_WIDTH10_328) 3.82e-05 1.43e-03  558.309 2.02e-03   0.1
      tb_cell_3_3 (transpose_buffer_cell_DATA_WIDTH10_329) 3.74e-05 1.43e-03  558.312 2.02e-03   0.1
      tb_cell_3_2 (transpose_buffer_cell_DATA_WIDTH10_330) 3.38e-05 1.43e-03  558.287 2.02e-03   0.1
      tb_cell_3_1 (transpose_buffer_cell_DATA_WIDTH10_331) 4.43e-05 1.43e-03  558.289 2.03e-03   0.1
      tb_cell_3_0 (transpose_buffer_cell_DATA_WIDTH10_332) 5.57e-05 1.43e-03  561.454 2.04e-03   0.1
      tb_cell_2_8 (transpose_buffer_cell_DATA_WIDTH10_333) 6.53e-05 1.43e-03  559.194 2.05e-03   0.1
      tb_cell_2_7 (transpose_buffer_cell_DATA_WIDTH10_334) 3.52e-05 1.43e-03  559.198 2.02e-03   0.1
      tb_cell_2_6 (transpose_buffer_cell_DATA_WIDTH10_335) 3.83e-05 1.43e-03  559.184 2.03e-03   0.1
      tb_cell_2_5 (transpose_buffer_cell_DATA_WIDTH10_336) 3.99e-05 1.43e-03  559.248 2.03e-03   0.1
      tb_cell_2_4 (transpose_buffer_cell_DATA_WIDTH10_337) 3.59e-05 1.43e-03  559.154 2.02e-03   0.1
      tb_cell_2_3 (transpose_buffer_cell_DATA_WIDTH10_338) 5.00e-05 1.43e-03  559.170 2.04e-03   0.1
      tb_cell_2_2 (transpose_buffer_cell_DATA_WIDTH10_339) 4.62e-05 1.43e-03  559.148 2.03e-03   0.1
      tb_cell_2_1 (transpose_buffer_cell_DATA_WIDTH10_340) 4.17e-05 1.43e-03  559.149 2.03e-03   0.1
      tb_cell_2_0 (transpose_buffer_cell_DATA_WIDTH10_341) 4.82e-05 1.43e-03  562.308 2.04e-03   0.1
      tb_cell_1_8 (transpose_buffer_cell_DATA_WIDTH10_342) 5.69e-05 1.43e-03  560.124 2.05e-03   0.1
      tb_cell_1_7 (transpose_buffer_cell_DATA_WIDTH10_343) 3.57e-05 1.43e-03  560.136 2.03e-03   0.1
      tb_cell_1_6 (transpose_buffer_cell_DATA_WIDTH10_344) 3.83e-05 1.43e-03  560.116 2.03e-03   0.1
      tb_cell_1_5 (transpose_buffer_cell_DATA_WIDTH10_345) 3.75e-05 1.43e-03  560.190 2.03e-03   0.1
      tb_cell_1_4 (transpose_buffer_cell_DATA_WIDTH10_346) 3.99e-05 1.43e-03  560.089 2.03e-03   0.1
      tb_cell_1_3 (transpose_buffer_cell_DATA_WIDTH10_347) 4.14e-05 1.43e-03  560.111 2.03e-03   0.1
      tb_cell_1_2 (transpose_buffer_cell_DATA_WIDTH10_348) 4.05e-05 1.43e-03  560.081 2.03e-03   0.1
      tb_cell_1_1 (transpose_buffer_cell_DATA_WIDTH10_349) 6.87e-05 1.43e-03  560.094 2.06e-03   0.1
      tb_cell_1_0 (transpose_buffer_cell_DATA_WIDTH10_350) 4.50e-05 1.43e-03  560.083 2.04e-03   0.1
      tb_cell_0_8 (transpose_buffer_cell_DATA_WIDTH10_351) 4.83e-05 1.43e-03  561.152 2.04e-03   0.1
      tb_cell_0_7 (transpose_buffer_cell_DATA_WIDTH10_352) 3.63e-05 1.43e-03  561.177 2.03e-03   0.1
      tb_cell_0_6 (transpose_buffer_cell_DATA_WIDTH10_353) 3.98e-05 1.44e-03  561.169 2.04e-03   0.1
      tb_cell_0_5 (transpose_buffer_cell_DATA_WIDTH10_354) 3.72e-05 1.44e-03  561.238 2.03e-03   0.1
      tb_cell_0_4 (transpose_buffer_cell_DATA_WIDTH10_355) 4.70e-05 1.44e-03  564.245 2.05e-03   0.1
      tb_cell_0_3 (transpose_buffer_cell_DATA_WIDTH10_356) 4.76e-05 1.43e-03  564.308 2.05e-03   0.1
      tb_cell_0_2 (transpose_buffer_cell_DATA_WIDTH10_357) 3.90e-05 1.43e-03  561.079 2.03e-03   0.1
      tb_cell_0_1 (transpose_buffer_cell_DATA_WIDTH10_358) 4.12e-05 1.43e-03  561.116 2.04e-03   0.1
      tb_cell_0_0 (transpose_buffer_cell_DATA_WIDTH10_359) 9.19e-05 1.44e-03  564.233 2.09e-03   0.1
    buffer_a_superior (buffer_ah_DATA_WIDTH8_5) 4.01e-03    0.103 4.22e+04    0.149   3.9
      tb_cell_7_8 (transpose_buffer_cell_DATA_WIDTH10_360) 3.05e-05 1.42e-03  555.689 2.01e-03   0.1
      tb_cell_7_7 (transpose_buffer_cell_DATA_WIDTH10_361) 3.98e-05 1.42e-03  558.820 2.02e-03   0.1
      tb_cell_7_6 (transpose_buffer_cell_DATA_WIDTH10_362) 2.92e-05 1.42e-03  558.828 2.01e-03   0.1
      tb_cell_7_5 (transpose_buffer_cell_DATA_WIDTH10_363) 3.37e-05 1.42e-03  558.835 2.01e-03   0.1
      tb_cell_7_4 (transpose_buffer_cell_DATA_WIDTH10_364) 3.43e-05 1.42e-03  558.817 2.02e-03   0.1
      tb_cell_7_3 (transpose_buffer_cell_DATA_WIDTH10_365) 3.77e-05 1.42e-03  558.825 2.02e-03   0.1
      tb_cell_7_2 (transpose_buffer_cell_DATA_WIDTH10_366) 4.20e-05 1.42e-03  558.823 2.02e-03   0.1
      tb_cell_7_1 (transpose_buffer_cell_DATA_WIDTH10_367) 4.22e-05 1.42e-03  558.832 2.02e-03   0.1
      tb_cell_7_0 (transpose_buffer_cell_DATA_WIDTH10_368) 4.59e-05 1.42e-03  558.840 2.03e-03   0.1
      tb_cell_6_8 (transpose_buffer_cell_DATA_WIDTH10_369) 5.21e-05 1.42e-03  559.399 2.03e-03   0.1
      tb_cell_6_7 (transpose_buffer_cell_DATA_WIDTH10_370) 6.23e-05 1.42e-03  559.381 2.04e-03   0.1
      tb_cell_6_6 (transpose_buffer_cell_DATA_WIDTH10_371) 4.47e-05 1.42e-03  556.236 2.02e-03   0.1
      tb_cell_6_5 (transpose_buffer_cell_DATA_WIDTH10_372) 4.72e-05 1.42e-03  559.387 2.03e-03   0.1
      tb_cell_6_4 (transpose_buffer_cell_DATA_WIDTH10_373) 3.76e-05 1.42e-03  556.231 2.02e-03   0.1
      tb_cell_6_3 (transpose_buffer_cell_DATA_WIDTH10_374) 4.54e-05 1.42e-03  559.400 2.03e-03   0.1
      tb_cell_6_2 (transpose_buffer_cell_DATA_WIDTH10_375) 4.46e-05 1.42e-03  559.372 2.03e-03   0.1
      tb_cell_6_1 (transpose_buffer_cell_DATA_WIDTH10_376) 4.15e-05 1.42e-03  559.381 2.02e-03   0.1
      tb_cell_6_0 (transpose_buffer_cell_DATA_WIDTH10_377) 4.80e-05 1.42e-03  559.413 2.03e-03   0.1
      tb_cell_5_8 (transpose_buffer_cell_DATA_WIDTH10_378) 5.73e-05 1.42e-03  559.973 2.04e-03   0.1
      tb_cell_5_7 (transpose_buffer_cell_DATA_WIDTH10_379) 3.86e-05 1.42e-03  556.803 2.02e-03   0.1
      tb_cell_5_6 (transpose_buffer_cell_DATA_WIDTH10_380) 4.29e-05 1.42e-03  559.937 2.03e-03   0.1
      tb_cell_5_5 (transpose_buffer_cell_DATA_WIDTH10_381) 3.19e-05 1.42e-03  556.839 2.01e-03   0.1
      tb_cell_5_4 (transpose_buffer_cell_DATA_WIDTH10_382) 4.48e-05 1.42e-03  559.954 2.03e-03   0.1
      tb_cell_5_3 (transpose_buffer_cell_DATA_WIDTH10_383) 3.28e-05 1.42e-03  556.865 2.01e-03   0.1
      tb_cell_5_2 (transpose_buffer_cell_DATA_WIDTH10_384) 4.72e-05 1.42e-03  559.930 2.03e-03   0.1
      tb_cell_5_1 (transpose_buffer_cell_DATA_WIDTH10_385) 4.25e-05 1.42e-03  559.966 2.03e-03   0.1
      tb_cell_5_0 (transpose_buffer_cell_DATA_WIDTH10_386) 4.89e-05 1.42e-03  560.008 2.03e-03   0.1
      tb_cell_4_8 (transpose_buffer_cell_DATA_WIDTH10_387) 5.74e-05 1.43e-03  560.672 2.04e-03   0.1
      tb_cell_4_7 (transpose_buffer_cell_DATA_WIDTH10_388) 4.37e-05 1.43e-03  557.514 2.03e-03   0.1
      tb_cell_4_6 (transpose_buffer_cell_DATA_WIDTH10_389) 3.89e-05 1.43e-03  557.513 2.02e-03   0.1
      tb_cell_4_5 (transpose_buffer_cell_DATA_WIDTH10_390) 3.91e-05 1.43e-03  557.563 2.02e-03   0.1
      tb_cell_4_4 (transpose_buffer_cell_DATA_WIDTH10_391) 3.43e-05 1.43e-03  557.552 2.02e-03   0.1
      tb_cell_4_3 (transpose_buffer_cell_DATA_WIDTH10_392) 4.72e-05 1.43e-03  560.752 2.03e-03   0.1
      tb_cell_4_2 (transpose_buffer_cell_DATA_WIDTH10_393) 5.38e-05 1.43e-03  560.629 2.04e-03   0.1
      tb_cell_4_1 (transpose_buffer_cell_DATA_WIDTH10_394) 4.64e-05 1.43e-03  560.681 2.03e-03   0.1
      tb_cell_4_0 (transpose_buffer_cell_DATA_WIDTH10_395) 4.73e-05 1.43e-03  560.713 2.03e-03   0.1
      tb_cell_3_8 (transpose_buffer_cell_DATA_WIDTH10_396) 5.79e-05 1.43e-03  561.431 2.05e-03   0.1
      tb_cell_3_7 (transpose_buffer_cell_DATA_WIDTH10_397) 3.94e-05 1.43e-03  558.248 2.02e-03   0.1
      tb_cell_3_6 (transpose_buffer_cell_DATA_WIDTH10_398) 4.96e-05 1.43e-03  561.407 2.04e-03   0.1
      tb_cell_3_5 (transpose_buffer_cell_DATA_WIDTH10_399) 3.62e-05 1.43e-03  558.296 2.02e-03   0.1
      tb_cell_3_4 (transpose_buffer_cell_DATA_WIDTH10_400) 4.19e-05 1.43e-03  561.435 2.03e-03   0.1
      tb_cell_3_3 (transpose_buffer_cell_DATA_WIDTH10_401) 5.15e-05 1.43e-03  561.474 2.04e-03   0.1
      tb_cell_3_2 (transpose_buffer_cell_DATA_WIDTH10_402) 3.71e-05 1.43e-03  558.227 2.02e-03   0.1
      tb_cell_3_1 (transpose_buffer_cell_DATA_WIDTH10_403) 6.03e-05 1.43e-03  561.447 2.05e-03   0.1
      tb_cell_3_0 (transpose_buffer_cell_DATA_WIDTH10_404) 4.46e-05 1.43e-03  561.473 2.03e-03   0.1
      tb_cell_2_8 (transpose_buffer_cell_DATA_WIDTH10_405) 6.76e-05 1.43e-03  562.315 2.06e-03   0.1
      tb_cell_2_7 (transpose_buffer_cell_DATA_WIDTH10_406) 3.77e-05 1.43e-03  559.144 2.03e-03   0.1
      tb_cell_2_6 (transpose_buffer_cell_DATA_WIDTH10_407) 4.15e-05 1.43e-03  562.302 2.03e-03   0.1
      tb_cell_2_5 (transpose_buffer_cell_DATA_WIDTH10_408) 5.05e-05 1.43e-03  562.328 2.04e-03   0.1
      tb_cell_2_4 (transpose_buffer_cell_DATA_WIDTH10_409) 3.92e-05 1.43e-03  559.195 2.03e-03   0.1
      tb_cell_2_3 (transpose_buffer_cell_DATA_WIDTH10_410) 4.52e-05 1.43e-03  562.361 2.04e-03   0.1
      tb_cell_2_2 (transpose_buffer_cell_DATA_WIDTH10_411) 4.75e-05 1.43e-03  562.248 2.04e-03   0.1
      tb_cell_2_1 (transpose_buffer_cell_DATA_WIDTH10_412) 5.05e-05 1.43e-03  559.207 2.04e-03   0.1
      tb_cell_2_0 (transpose_buffer_cell_DATA_WIDTH10_413) 6.01e-05 1.43e-03  568.086 2.06e-03   0.1
      tb_cell_1_8 (transpose_buffer_cell_DATA_WIDTH10_414) 5.09e-05 1.43e-03  560.067 2.04e-03   0.1
      tb_cell_1_7 (transpose_buffer_cell_DATA_WIDTH10_415) 3.92e-05 1.43e-03  560.070 2.03e-03   0.1
      tb_cell_1_6 (transpose_buffer_cell_DATA_WIDTH10_416) 3.95e-05 1.43e-03  560.078 2.03e-03   0.1
      tb_cell_1_5 (transpose_buffer_cell_DATA_WIDTH10_417) 4.28e-05 1.43e-03  563.255 2.04e-03   0.1
      tb_cell_1_4 (transpose_buffer_cell_DATA_WIDTH10_418) 4.55e-05 1.43e-03  563.247 2.04e-03   0.1
      tb_cell_1_3 (transpose_buffer_cell_DATA_WIDTH10_419) 4.06e-05 1.43e-03  560.145 2.03e-03   0.1
      tb_cell_1_2 (transpose_buffer_cell_DATA_WIDTH10_420) 4.91e-05 1.43e-03  563.151 2.04e-03   0.1
      tb_cell_1_1 (transpose_buffer_cell_DATA_WIDTH10_421) 6.95e-05 1.43e-03  560.113 2.06e-03   0.1
      tb_cell_1_0 (transpose_buffer_cell_DATA_WIDTH10_422) 6.16e-05 1.43e-03  568.966 2.06e-03   0.1
      tb_cell_0_8 (transpose_buffer_cell_DATA_WIDTH10_423) 5.62e-05 1.44e-03  561.160 2.05e-03   0.1
      tb_cell_0_7 (transpose_buffer_cell_DATA_WIDTH10_424) 3.79e-05 1.44e-03  561.161 2.04e-03   0.1
      tb_cell_0_6 (transpose_buffer_cell_DATA_WIDTH10_425) 4.70e-05 1.44e-03  561.167 2.04e-03   0.1
      tb_cell_0_5 (transpose_buffer_cell_DATA_WIDTH10_426) 5.20e-05 1.44e-03  561.230 2.05e-03   0.1
      tb_cell_0_4 (transpose_buffer_cell_DATA_WIDTH10_427) 5.37e-05 1.44e-03  561.147 2.05e-03   0.1
      tb_cell_0_3 (transpose_buffer_cell_DATA_WIDTH10_428) 5.58e-05 1.43e-03  561.228 2.05e-03   0.1
      tb_cell_0_2 (transpose_buffer_cell_DATA_WIDTH10_429) 5.41e-05 1.43e-03  561.088 2.05e-03   0.1
      tb_cell_0_1 (transpose_buffer_cell_DATA_WIDTH10_430) 5.69e-05 1.43e-03  561.198 2.05e-03   0.1
      tb_cell_0_0 (transpose_buffer_cell_DATA_WIDTH10_431) 1.16e-04 1.44e-03  570.055 2.12e-03   0.1
    filtro_secundario (filtros_DATA_WIDTH8_0) 1.31e-02 2.83e-02 2.10e+05    0.252   6.6
      filtrodown_cell_09 (filtrodown_DATA_WIDTH8_0) 4.16e-04 1.04e-03 8.05e+03 9.51e-03   0.2
      filtrodown_cell_08 (filtrodown_DATA_WIDTH8_1) 4.61e-04 1.05e-03 8.05e+03 9.56e-03   0.3
      filtrodown_cell_07 (filtrodown_DATA_WIDTH8_2) 4.63e-04 1.05e-03 8.05e+03 9.56e-03   0.3
      filtrodown_cell_06 (filtrodown_DATA_WIDTH8_3) 5.28e-04 1.06e-03 8.06e+03 9.65e-03   0.3
      filtrodown_cell_05 (filtrodown_DATA_WIDTH8_4) 5.47e-04 1.06e-03 8.06e+03 9.66e-03   0.3
      filtrodown_cell_04 (filtrodown_DATA_WIDTH8_5) 5.22e-04 1.06e-03 8.03e+03 9.61e-03   0.3
      filtrodown_cell_03 (filtrodown_DATA_WIDTH8_6) 4.70e-04 1.05e-03 8.03e+03 9.56e-03   0.3
      filtrodown_cell_02 (filtrodown_DATA_WIDTH8_7) 4.48e-04 1.05e-03 8.03e+03 9.53e-03   0.2
      filtrodown_cell_01 (filtrodown_DATA_WIDTH8_8) 4.06e-04 1.04e-03 8.04e+03 9.48e-03   0.2
      filtromiddle_cell_09 (filtromiddle_DATA_WIDTH8_0) 4.52e-04 1.02e-03 7.24e+03 8.71e-03   0.2
      filtromiddle_cell_08 (filtromiddle_DATA_WIDTH8_1) 4.92e-04 1.04e-03 7.26e+03 8.78e-03   0.2
      filtromiddle_cell_07 (filtromiddle_DATA_WIDTH8_2) 4.87e-04 1.04e-03 7.27e+03 8.79e-03   0.2
      filtromiddle_cell_06 (filtromiddle_DATA_WIDTH8_3) 5.29e-04 1.04e-03 7.27e+03 8.84e-03   0.2
      filtromiddle_cell_05 (filtromiddle_DATA_WIDTH8_4) 5.01e-04 1.04e-03 7.28e+03 8.82e-03   0.2
      filtromiddle_cell_04 (filtromiddle_DATA_WIDTH8_5) 4.61e-04 1.05e-03 7.28e+03 8.79e-03   0.2
      filtromiddle_cell_03 (filtromiddle_DATA_WIDTH8_6) 3.98e-04 1.03e-03 7.27e+03 8.70e-03   0.2
      filtromiddle_cell_02 (filtromiddle_DATA_WIDTH8_7) 4.16e-04 1.03e-03 7.28e+03 8.73e-03   0.2
      filtromiddle_cell_01 (filtromiddle_DATA_WIDTH8_8) 4.20e-04 1.03e-03 7.26e+03 8.70e-03   0.2
      filtroup_cell_09 (filtroup_DATA_WIDTH8_0) 4.27e-04 1.05e-03 8.05e+03 9.52e-03   0.2
      filtroup_cell_08 (filtroup_DATA_WIDTH8_1) 5.42e-04 1.05e-03 8.05e+03 9.64e-03   0.3
      filtroup_cell_07 (filtroup_DATA_WIDTH8_2) 5.74e-04 1.06e-03 8.06e+03 9.70e-03   0.3
      filtroup_cell_06 (filtroup_DATA_WIDTH8_3) 5.92e-04 1.06e-03 8.07e+03 9.73e-03   0.3
      filtroup_cell_05 (filtroup_DATA_WIDTH8_4) 5.55e-04 1.05e-03 8.05e+03 9.66e-03   0.3
      filtroup_cell_04 (filtroup_DATA_WIDTH8_5) 4.96e-04 1.05e-03 8.04e+03 9.58e-03   0.3
      filtroup_cell_03 (filtroup_DATA_WIDTH8_6) 4.48e-04 1.05e-03 8.04e+03 9.53e-03   0.2
      filtroup_cell_02 (filtroup_DATA_WIDTH8_7) 4.32e-04 1.04e-03 8.04e+03 9.51e-03   0.2
      filtroup_cell_01 (filtroup_DATA_WIDTH8_8) 4.17e-04 1.04e-03 8.05e+03 9.50e-03   0.2
    filtro_primario (filtros_DATA_WIDTH8_1) 1.32e-02 2.86e-02 2.11e+05    0.253   6.6
      filtrodown_cell_09 (filtrodown_DATA_WIDTH8_9) 4.47e-04 1.05e-03 8.10e+03 9.60e-03   0.3
      filtrodown_cell_08 (filtrodown_DATA_WIDTH8_10) 4.36e-04 1.06e-03 8.10e+03 9.59e-03   0.3
      filtrodown_cell_07 (filtrodown_DATA_WIDTH8_11) 4.59e-04 1.06e-03 8.05e+03 9.56e-03   0.3
      filtrodown_cell_06 (filtrodown_DATA_WIDTH8_12) 5.25e-04 1.06e-03 8.05e+03 9.64e-03   0.3
      filtrodown_cell_05 (filtrodown_DATA_WIDTH8_13) 5.02e-04 1.06e-03 8.06e+03 9.62e-03   0.3
      filtrodown_cell_04 (filtrodown_DATA_WIDTH8_14) 4.91e-04 1.06e-03 8.05e+03 9.61e-03   0.3
      filtrodown_cell_03 (filtrodown_DATA_WIDTH8_15) 4.55e-04 1.06e-03 8.05e+03 9.56e-03   0.3
      filtrodown_cell_02 (filtrodown_DATA_WIDTH8_16) 4.17e-04 1.06e-03 8.04e+03 9.51e-03   0.2
      filtrodown_cell_01 (filtrodown_DATA_WIDTH8_17) 3.33e-04 1.06e-03 8.04e+03 9.43e-03   0.2
      filtromiddle_cell_09 (filtromiddle_DATA_WIDTH8_9) 4.16e-04 1.05e-03 7.24e+03 8.70e-03   0.2
      filtromiddle_cell_08 (filtromiddle_DATA_WIDTH8_10) 4.15e-04 1.04e-03 7.24e+03 8.70e-03   0.2
      filtromiddle_cell_07 (filtromiddle_DATA_WIDTH8_11) 4.10e-04 1.05e-03 7.27e+03 8.73e-03   0.2
      filtromiddle_cell_06 (filtromiddle_DATA_WIDTH8_12) 4.60e-04 1.05e-03 7.28e+03 8.79e-03   0.2
      filtromiddle_cell_05 (filtromiddle_DATA_WIDTH8_13) 4.70e-04 1.05e-03 7.27e+03 8.78e-03   0.2
      filtromiddle_cell_04 (filtromiddle_DATA_WIDTH8_14) 4.56e-04 1.04e-03 7.29e+03 8.79e-03   0.2
      filtromiddle_cell_03 (filtromiddle_DATA_WIDTH8_15) 3.48e-04 1.05e-03 7.28e+03 8.67e-03   0.2
      filtromiddle_cell_02 (filtromiddle_DATA_WIDTH8_16) 3.39e-04 1.05e-03 7.29e+03 8.68e-03   0.2
      filtromiddle_cell_01 (filtromiddle_DATA_WIDTH8_17) 3.67e-04 1.04e-03 7.24e+03 8.65e-03   0.2
      filtroup_cell_09 (filtroup_DATA_WIDTH8_9) 4.18e-04 1.05e-03 8.05e+03 9.52e-03   0.2
      filtroup_cell_08 (filtroup_DATA_WIDTH8_10) 5.18e-04 1.06e-03 8.05e+03 9.62e-03   0.3
      filtroup_cell_07 (filtroup_DATA_WIDTH8_11) 5.21e-04 1.07e-03 8.05e+03 9.64e-03   0.3
      filtroup_cell_06 (filtroup_DATA_WIDTH8_12) 5.32e-04 1.07e-03 8.07e+03 9.68e-03   0.3
      filtroup_cell_05 (filtroup_DATA_WIDTH8_13) 5.62e-04 1.06e-03 8.10e+03 9.72e-03   0.3
      filtroup_cell_04 (filtroup_DATA_WIDTH8_14) 5.10e-04 1.06e-03 8.08e+03 9.66e-03   0.3
      filtroup_cell_03 (filtroup_DATA_WIDTH8_15) 3.97e-04 1.06e-03 8.06e+03 9.51e-03   0.2
      filtroup_cell_02 (filtroup_DATA_WIDTH8_16) 3.40e-04 1.06e-03 8.04e+03 9.44e-03   0.2
      filtroup_cell_01 (filtroup_DATA_WIDTH8_17) 3.72e-04 1.05e-03 8.03e+03 9.46e-03   0.2
    mux_secundario (mux3x1_DATA_WIDTH8_0) 3.95e-03 4.00e-04 4.08e+03 8.44e-03   0.2
    mux_primario (mux3x1_DATA_WIDTH8_1) 3.71e-03 4.02e-04 4.69e+03 8.80e-03   0.2
    buffer_int_inferior (buffer_int_DATA_WIDTH8_0) 9.62e-03    0.145 6.46e+04    0.220   5.8
      tb_cell_7_15 (transpose_buffer_cell_DATA_WIDTH8_0) 5.30e-05 1.14e-03  461.815 1.65e-03   0.0
      tb_cell_7_14 (transpose_buffer_cell_DATA_WIDTH8_1) 5.25e-05 1.14e-03  461.919 1.65e-03   0.0
      tb_cell_7_13 (transpose_buffer_cell_DATA_WIDTH8_2) 5.20e-05 1.14e-03  461.713 1.65e-03   0.0
      tb_cell_7_12 (transpose_buffer_cell_DATA_WIDTH8_3) 5.28e-05 1.14e-03  461.825 1.65e-03   0.0
      tb_cell_7_11 (transpose_buffer_cell_DATA_WIDTH8_4) 4.93e-05 1.14e-03  461.889 1.65e-03   0.0
      tb_cell_7_10 (transpose_buffer_cell_DATA_WIDTH8_5) 4.56e-05 1.14e-03  461.737 1.64e-03   0.0
      tb_cell_7_9 (transpose_buffer_cell_DATA_WIDTH8_6) 5.39e-05 1.14e-03  461.907 1.65e-03   0.0
      tb_cell_7_8 (transpose_buffer_cell_DATA_WIDTH8_7) 5.68e-05 1.14e-03  461.752 1.66e-03   0.0
      tb_cell_7_7 (transpose_buffer_cell_DATA_WIDTH8_8) 5.80e-05 1.14e-03  461.619 1.66e-03   0.0
      tb_cell_7_6 (transpose_buffer_cell_DATA_WIDTH8_9) 6.02e-05 1.14e-03  461.663 1.66e-03   0.0
      tb_cell_7_5 (transpose_buffer_cell_DATA_WIDTH8_10) 5.10e-05 1.14e-03  461.707 1.65e-03   0.0
      tb_cell_7_4 (transpose_buffer_cell_DATA_WIDTH8_11) 5.32e-05 1.14e-03  461.837 1.65e-03   0.0
      tb_cell_7_3 (transpose_buffer_cell_DATA_WIDTH8_12) 4.78e-05 1.14e-03  461.709 1.65e-03   0.0
      tb_cell_7_2 (transpose_buffer_cell_DATA_WIDTH8_13) 6.86e-05 1.14e-03  470.610 1.68e-03   0.0
      tb_cell_7_1 (transpose_buffer_cell_DATA_WIDTH8_14) 7.36e-05 1.14e-03  470.645 1.68e-03   0.0
      tb_cell_7_0 (transpose_buffer_cell_DATA_WIDTH8_15) 5.41e-05 1.14e-03  461.694 1.66e-03   0.0
      tb_cell_6_15 (transpose_buffer_cell_DATA_WIDTH8_16) 5.18e-05 1.14e-03  463.160 1.65e-03   0.0
      tb_cell_6_14 (transpose_buffer_cell_DATA_WIDTH8_17) 4.70e-05 1.14e-03  463.290 1.65e-03   0.0
      tb_cell_6_13 (transpose_buffer_cell_DATA_WIDTH8_18) 4.03e-05 1.14e-03  463.043 1.64e-03   0.0
      tb_cell_6_12 (transpose_buffer_cell_DATA_WIDTH8_19) 4.66e-05 1.13e-03  463.179 1.64e-03   0.0
      tb_cell_6_11 (transpose_buffer_cell_DATA_WIDTH8_20) 5.07e-05 1.14e-03  463.240 1.65e-03   0.0
      tb_cell_6_10 (transpose_buffer_cell_DATA_WIDTH8_21) 5.70e-05 1.14e-03  463.069 1.66e-03   0.0
      tb_cell_6_9 (transpose_buffer_cell_DATA_WIDTH8_22) 5.07e-05 1.14e-03  463.265 1.65e-03   0.0
      tb_cell_6_8 (transpose_buffer_cell_DATA_WIDTH8_23) 4.76e-05 1.13e-03  463.085 1.64e-03   0.0
      tb_cell_6_7 (transpose_buffer_cell_DATA_WIDTH8_24) 4.10e-05 1.13e-03  462.960 1.64e-03   0.0
      tb_cell_6_6 (transpose_buffer_cell_DATA_WIDTH8_25) 3.57e-05 1.14e-03  463.005 1.63e-03   0.0
      tb_cell_6_5 (transpose_buffer_cell_DATA_WIDTH8_26) 3.54e-05 1.14e-03  463.028 1.63e-03   0.0
      tb_cell_6_4 (transpose_buffer_cell_DATA_WIDTH8_27) 4.32e-05 1.14e-03  463.210 1.64e-03   0.0
      tb_cell_6_3 (transpose_buffer_cell_DATA_WIDTH8_28) 3.87e-05 1.14e-03  463.049 1.64e-03   0.0
      tb_cell_6_2 (transpose_buffer_cell_DATA_WIDTH8_29) 3.64e-05 1.14e-03  463.054 1.64e-03   0.0
      tb_cell_6_1 (transpose_buffer_cell_DATA_WIDTH8_30) 3.73e-05 1.14e-03  463.104 1.64e-03   0.0
      tb_cell_6_0 (transpose_buffer_cell_DATA_WIDTH8_31) 4.53e-05 1.14e-03  463.030 1.64e-03   0.0
      tb_cell_5_15 (transpose_buffer_cell_DATA_WIDTH8_32) 6.04e-05 1.13e-03  467.783 1.66e-03   0.0
      tb_cell_5_14 (transpose_buffer_cell_DATA_WIDTH8_33) 6.68e-05 1.13e-03  467.945 1.67e-03   0.0
      tb_cell_5_13 (transpose_buffer_cell_DATA_WIDTH8_34) 6.53e-05 1.13e-03  467.665 1.67e-03   0.0
      tb_cell_5_12 (transpose_buffer_cell_DATA_WIDTH8_35) 6.72e-05 1.13e-03  467.826 1.67e-03   0.0
      tb_cell_5_11 (transpose_buffer_cell_DATA_WIDTH8_36) 5.37e-05 1.13e-03  464.730 1.65e-03   0.0
      tb_cell_5_10 (transpose_buffer_cell_DATA_WIDTH8_37) 5.41e-05 1.13e-03  467.687 1.66e-03   0.0
      tb_cell_5_9 (transpose_buffer_cell_DATA_WIDTH8_38) 5.74e-05 1.13e-03  464.748 1.65e-03   0.0
      tb_cell_5_8 (transpose_buffer_cell_DATA_WIDTH8_39) 5.17e-05 1.13e-03  464.536 1.65e-03   0.0
      tb_cell_5_7 (transpose_buffer_cell_DATA_WIDTH8_40) 4.58e-05 1.13e-03  464.420 1.64e-03   0.0
      tb_cell_5_6 (transpose_buffer_cell_DATA_WIDTH8_41) 3.91e-05 1.13e-03  464.457 1.64e-03   0.0
      tb_cell_5_5 (transpose_buffer_cell_DATA_WIDTH8_42) 3.48e-05 1.13e-03  464.460 1.63e-03   0.0
      tb_cell_5_4 (transpose_buffer_cell_DATA_WIDTH8_43) 8.01e-05 1.14e-03  473.573 1.69e-03   0.0
      tb_cell_5_3 (transpose_buffer_cell_DATA_WIDTH8_44) 4.80e-05 1.13e-03  464.523 1.65e-03   0.0
      tb_cell_5_2 (transpose_buffer_cell_DATA_WIDTH8_45) 5.31e-05 1.13e-03  467.658 1.66e-03   0.0
      tb_cell_5_1 (transpose_buffer_cell_DATA_WIDTH8_46) 5.65e-05 1.13e-03  467.712 1.66e-03   0.0
      tb_cell_5_0 (transpose_buffer_cell_DATA_WIDTH8_47) 4.69e-05 1.13e-03  464.506 1.65e-03   0.0
      tb_cell_4_15 (transpose_buffer_cell_DATA_WIDTH8_48) 5.29e-05 1.13e-03  469.426 1.65e-03   0.0
      tb_cell_4_14 (transpose_buffer_cell_DATA_WIDTH8_49) 6.10e-05 1.13e-03  469.594 1.66e-03   0.0
      tb_cell_4_13 (transpose_buffer_cell_DATA_WIDTH8_50) 6.05e-05 1.13e-03  469.275 1.66e-03   0.0
      tb_cell_4_12 (transpose_buffer_cell_DATA_WIDTH8_51) 5.81e-05 1.13e-03  466.321 1.66e-03   0.0
      tb_cell_4_11 (transpose_buffer_cell_DATA_WIDTH8_52) 5.24e-05 1.13e-03  466.345 1.65e-03   0.0
      tb_cell_4_10 (transpose_buffer_cell_DATA_WIDTH8_53) 5.42e-05 1.13e-03  466.150 1.65e-03   0.0
      tb_cell_4_9 (transpose_buffer_cell_DATA_WIDTH8_54) 6.39e-05 1.13e-03  469.493 1.66e-03   0.0
      tb_cell_4_8 (transpose_buffer_cell_DATA_WIDTH8_55) 5.94e-05 1.13e-03  469.281 1.66e-03   0.0
      tb_cell_4_7 (transpose_buffer_cell_DATA_WIDTH8_56) 5.16e-05 1.13e-03  469.167 1.65e-03   0.0
      tb_cell_4_6 (transpose_buffer_cell_DATA_WIDTH8_57) 4.93e-05 1.13e-03  466.050 1.65e-03   0.0
      tb_cell_4_5 (transpose_buffer_cell_DATA_WIDTH8_58) 4.68e-05 1.13e-03  466.041 1.65e-03   0.0
      tb_cell_4_4 (transpose_buffer_cell_DATA_WIDTH8_59) 6.45e-05 1.13e-03  466.344 1.66e-03   0.0
      tb_cell_4_3 (transpose_buffer_cell_DATA_WIDTH8_60) 3.35e-05 1.13e-03  466.134 1.63e-03   0.0
      tb_cell_4_2 (transpose_buffer_cell_DATA_WIDTH8_61) 3.58e-05 1.13e-03  466.136 1.63e-03   0.0
      tb_cell_4_1 (transpose_buffer_cell_DATA_WIDTH8_62) 4.50e-05 1.13e-03  469.323 1.65e-03   0.0
      tb_cell_4_0 (transpose_buffer_cell_DATA_WIDTH8_63) 4.75e-05 1.13e-03  469.297 1.65e-03   0.0
      tb_cell_3_15 (transpose_buffer_cell_DATA_WIDTH8_64) 5.23e-05 1.13e-03  471.249 1.65e-03   0.0
      tb_cell_3_14 (transpose_buffer_cell_DATA_WIDTH8_65) 5.42e-05 1.13e-03  471.406 1.65e-03   0.0
      tb_cell_3_13 (transpose_buffer_cell_DATA_WIDTH8_66) 5.84e-05 1.13e-03  471.026 1.66e-03   0.0
      tb_cell_3_12 (transpose_buffer_cell_DATA_WIDTH8_67) 5.73e-05 1.13e-03  471.253 1.66e-03   0.0
      tb_cell_3_11 (transpose_buffer_cell_DATA_WIDTH8_68) 4.20e-05 1.13e-03  468.118 1.64e-03   0.0
      tb_cell_3_10 (transpose_buffer_cell_DATA_WIDTH8_69) 4.34e-05 1.13e-03  467.933 1.64e-03   0.0
      tb_cell_3_9 (transpose_buffer_cell_DATA_WIDTH8_70) 5.56e-05 1.13e-03  471.296 1.66e-03   0.0
      tb_cell_3_8 (transpose_buffer_cell_DATA_WIDTH8_71) 4.23e-05 1.13e-03  467.947 1.64e-03   0.0
      tb_cell_3_7 (transpose_buffer_cell_DATA_WIDTH8_72) 3.78e-05 1.13e-03  467.800 1.64e-03   0.0
      tb_cell_3_6 (transpose_buffer_cell_DATA_WIDTH8_73) 4.46e-05 1.13e-03  470.962 1.65e-03   0.0
      tb_cell_3_5 (transpose_buffer_cell_DATA_WIDTH8_74) 4.24e-05 1.13e-03  467.808 1.64e-03   0.0
      tb_cell_3_4 (transpose_buffer_cell_DATA_WIDTH8_75) 7.96e-05 1.13e-03  468.148 1.68e-03   0.0
      tb_cell_3_3 (transpose_buffer_cell_DATA_WIDTH8_76) 4.26e-05 1.13e-03  471.053 1.64e-03   0.0
      tb_cell_3_2 (transpose_buffer_cell_DATA_WIDTH8_77) 3.38e-05 1.13e-03  467.940 1.63e-03   0.0
      tb_cell_3_1 (transpose_buffer_cell_DATA_WIDTH8_78) 4.18e-05 1.13e-03  471.105 1.64e-03   0.0
      tb_cell_3_0 (transpose_buffer_cell_DATA_WIDTH8_79) 4.51e-05 1.13e-03  471.139 1.65e-03   0.0
      tb_cell_2_15 (transpose_buffer_cell_DATA_WIDTH8_80) 4.14e-05 1.13e-03  470.084 1.64e-03   0.0
      tb_cell_2_14 (transpose_buffer_cell_DATA_WIDTH8_81) 4.75e-05 1.13e-03  473.384 1.65e-03   0.0
      tb_cell_2_13 (transpose_buffer_cell_DATA_WIDTH8_82) 4.46e-05 1.13e-03  469.831 1.64e-03   0.0
      tb_cell_2_12 (transpose_buffer_cell_DATA_WIDTH8_83) 4.21e-05 1.13e-03  470.074 1.64e-03   0.0
      tb_cell_2_11 (transpose_buffer_cell_DATA_WIDTH8_84) 6.17e-05 1.13e-03  473.219 1.66e-03   0.0
      tb_cell_2_10 (transpose_buffer_cell_DATA_WIDTH8_85) 6.57e-05 1.13e-03  473.044 1.67e-03   0.0
      tb_cell_2_9 (transpose_buffer_cell_DATA_WIDTH8_86) 5.62e-05 1.13e-03  470.134 1.65e-03   0.0
      tb_cell_2_8 (transpose_buffer_cell_DATA_WIDTH8_87) 6.18e-05 1.13e-03  473.063 1.66e-03   0.0
      tb_cell_2_7 (transpose_buffer_cell_DATA_WIDTH8_88) 6.20e-05 1.13e-03  472.883 1.66e-03   0.0
      tb_cell_2_6 (transpose_buffer_cell_DATA_WIDTH8_89) 6.10e-05 1.13e-03  472.897 1.66e-03   0.0
      tb_cell_2_5 (transpose_buffer_cell_DATA_WIDTH8_90) 7.22e-05 1.13e-03  478.621 1.68e-03   0.0
      tb_cell_2_4 (transpose_buffer_cell_DATA_WIDTH8_91) 6.49e-05 1.12e-03  470.090 1.66e-03   0.0
      tb_cell_2_3 (transpose_buffer_cell_DATA_WIDTH8_92) 3.59e-05 1.13e-03  469.839 1.63e-03   0.0
      tb_cell_2_2 (transpose_buffer_cell_DATA_WIDTH8_93) 4.05e-05 1.13e-03  469.879 1.64e-03   0.0
      tb_cell_2_1 (transpose_buffer_cell_DATA_WIDTH8_94) 5.16e-05 1.13e-03  473.032 1.65e-03   0.0
      tb_cell_2_0 (transpose_buffer_cell_DATA_WIDTH8_95) 5.35e-05 1.13e-03  473.112 1.65e-03   0.0
      tb_cell_1_15 (transpose_buffer_cell_DATA_WIDTH8_96) 5.12e-05 1.12e-03  475.408 1.65e-03   0.0
      tb_cell_1_14 (transpose_buffer_cell_DATA_WIDTH8_97) 5.53e-05 1.12e-03  475.551 1.65e-03   0.0
      tb_cell_1_13 (transpose_buffer_cell_DATA_WIDTH8_98) 5.54e-05 1.12e-03  475.101 1.65e-03   0.0
      tb_cell_1_12 (transpose_buffer_cell_DATA_WIDTH8_99) 5.90e-05 1.12e-03  475.355 1.66e-03   0.0
      tb_cell_1_11 (transpose_buffer_cell_DATA_WIDTH8_100) 4.37e-05 1.12e-03  472.242 1.64e-03   0.0
      tb_cell_1_10 (transpose_buffer_cell_DATA_WIDTH8_101) 6.37e-05 1.12e-03  475.211 1.66e-03   0.0
      tb_cell_1_9 (transpose_buffer_cell_DATA_WIDTH8_102) 5.14e-05 1.12e-03  472.275 1.65e-03   0.0
      tb_cell_1_8 (transpose_buffer_cell_DATA_WIDTH8_103) 6.54e-05 1.12e-03  475.210 1.67e-03   0.0
      tb_cell_1_7 (transpose_buffer_cell_DATA_WIDTH8_104) 5.18e-05 1.12e-03  471.869 1.65e-03   0.0
      tb_cell_1_6 (transpose_buffer_cell_DATA_WIDTH8_105) 6.23e-05 1.12e-03  475.040 1.66e-03   0.0
      tb_cell_1_5 (transpose_buffer_cell_DATA_WIDTH8_106) 6.30e-05 1.12e-03  475.028 1.66e-03   0.0
      tb_cell_1_4 (transpose_buffer_cell_DATA_WIDTH8_107) 6.56e-05 1.12e-03  472.226 1.66e-03   0.0
      tb_cell_1_3 (transpose_buffer_cell_DATA_WIDTH8_108) 6.24e-05 1.12e-03  480.842 1.67e-03   0.0
      tb_cell_1_2 (transpose_buffer_cell_DATA_WIDTH8_109) 3.92e-05 1.12e-03  472.039 1.63e-03   0.0
      tb_cell_1_1 (transpose_buffer_cell_DATA_WIDTH8_110) 4.72e-05 1.12e-03  475.180 1.65e-03   0.0
      tb_cell_1_0 (transpose_buffer_cell_DATA_WIDTH8_111) 3.54e-05 1.12e-03  472.132 1.63e-03   0.0
      tb_cell_0_15 (transpose_buffer_cell_DATA_WIDTH8_112) 7.48e-05 1.12e-03  483.821 1.68e-03   0.0
      tb_cell_0_14 (transpose_buffer_cell_DATA_WIDTH8_113) 8.30e-05 1.12e-03  483.914 1.69e-03   0.0
      tb_cell_0_13 (transpose_buffer_cell_DATA_WIDTH8_114) 8.03e-05 1.12e-03  486.575 1.69e-03   0.0
      tb_cell_0_12 (transpose_buffer_cell_DATA_WIDTH8_115) 1.18e-04 1.12e-03  492.665 1.73e-03   0.0
      tb_cell_0_11 (transpose_buffer_cell_DATA_WIDTH8_116) 1.03e-04 1.12e-03  486.919 1.71e-03   0.0
      tb_cell_0_10 (transpose_buffer_cell_DATA_WIDTH8_117) 1.00e-04 1.12e-03  483.601 1.71e-03   0.0
      tb_cell_0_9 (transpose_buffer_cell_DATA_WIDTH8_118) 1.01e-04 1.12e-03  492.683 1.71e-03   0.0
      tb_cell_0_8 (transpose_buffer_cell_DATA_WIDTH8_119) 6.01e-05 1.12e-03  483.628 1.66e-03   0.0
      tb_cell_0_7 (transpose_buffer_cell_DATA_WIDTH8_120) 5.48e-05 1.12e-03  486.494 1.66e-03   0.0
      tb_cell_0_6 (transpose_buffer_cell_DATA_WIDTH8_121) 4.42e-05 1.12e-03  483.375 1.65e-03   0.0
      tb_cell_0_5 (transpose_buffer_cell_DATA_WIDTH8_122) 5.97e-05 1.12e-03  486.573 1.67e-03   0.0
      tb_cell_0_4 (transpose_buffer_cell_DATA_WIDTH8_123) 7.44e-05 1.12e-03  486.901 1.68e-03   0.0
      tb_cell_0_3 (transpose_buffer_cell_DATA_WIDTH8_124) 4.61e-05 1.12e-03  483.399 1.65e-03   0.0
      tb_cell_0_2 (transpose_buffer_cell_DATA_WIDTH8_125) 4.98e-05 1.12e-03  486.665 1.66e-03   0.0
      tb_cell_0_1 (transpose_buffer_cell_DATA_WIDTH8_126) 5.15e-05 1.12e-03  483.386 1.66e-03   0.0
      tb_cell_0_0 (transpose_buffer_cell_DATA_WIDTH8_127) 9.58e-05 1.12e-03  492.494 1.71e-03   0.0
    buffer_int_superior (buffer_int_DATA_WIDTH8_1) 1.08e-02    0.145 6.54e+04    0.222   5.8
      tb_cell_7_15 (transpose_buffer_cell_DATA_WIDTH8_128) 9.26e-05 1.14e-03  464.938 1.69e-03   0.0
      tb_cell_7_14 (transpose_buffer_cell_DATA_WIDTH8_129) 1.01e-04 1.14e-03  465.088 1.70e-03   0.0
      tb_cell_7_13 (transpose_buffer_cell_DATA_WIDTH8_130) 8.89e-05 1.14e-03  461.897 1.69e-03   0.0
      tb_cell_7_12 (transpose_buffer_cell_DATA_WIDTH8_131) 1.03e-04 1.14e-03  465.085 1.70e-03   0.0
      tb_cell_7_11 (transpose_buffer_cell_DATA_WIDTH8_132) 9.36e-05 1.14e-03  465.047 1.70e-03   0.0
      tb_cell_7_10 (transpose_buffer_cell_DATA_WIDTH8_133) 8.72e-05 1.14e-03  461.798 1.69e-03   0.0
      tb_cell_7_9 (transpose_buffer_cell_DATA_WIDTH8_134) 9.20e-05 1.14e-03  461.970 1.69e-03   0.0
      tb_cell_7_8 (transpose_buffer_cell_DATA_WIDTH8_135) 9.39e-05 1.14e-03  461.897 1.69e-03   0.0
      tb_cell_7_7 (transpose_buffer_cell_DATA_WIDTH8_136) 7.56e-05 1.14e-03  461.864 1.67e-03   0.0
      tb_cell_7_6 (transpose_buffer_cell_DATA_WIDTH8_137) 6.87e-05 1.14e-03  461.869 1.67e-03   0.0
      tb_cell_7_5 (transpose_buffer_cell_DATA_WIDTH8_138) 6.39e-05 1.14e-03  461.860 1.66e-03   0.0
      tb_cell_7_4 (transpose_buffer_cell_DATA_WIDTH8_139) 6.37e-05 1.14e-03  462.082 1.66e-03   0.0
      tb_cell_7_3 (transpose_buffer_cell_DATA_WIDTH8_140) 7.26e-05 1.14e-03  465.053 1.67e-03   0.0
      tb_cell_7_2 (transpose_buffer_cell_DATA_WIDTH8_141) 7.44e-05 1.14e-03  464.887 1.68e-03   0.0
      tb_cell_7_1 (transpose_buffer_cell_DATA_WIDTH8_142) 5.89e-05 1.14e-03  461.917 1.66e-03   0.0
      tb_cell_7_0 (transpose_buffer_cell_DATA_WIDTH8_143) 7.29e-05 1.14e-03  461.770 1.67e-03   0.0
      tb_cell_6_15 (transpose_buffer_cell_DATA_WIDTH8_144) 3.63e-05 1.14e-03  463.141 1.63e-03   0.0
      tb_cell_6_14 (transpose_buffer_cell_DATA_WIDTH8_145) 3.55e-05 1.13e-03  463.294 1.63e-03   0.0
      tb_cell_6_13 (transpose_buffer_cell_DATA_WIDTH8_146) 3.11e-05 1.13e-03  463.220 1.63e-03   0.0
      tb_cell_6_12 (transpose_buffer_cell_DATA_WIDTH8_147) 4.89e-05 1.14e-03  466.454 1.65e-03   0.0
      tb_cell_6_11 (transpose_buffer_cell_DATA_WIDTH8_148) 4.39e-05 1.13e-03  466.418 1.64e-03   0.0
      tb_cell_6_10 (transpose_buffer_cell_DATA_WIDTH8_149) 3.95e-05 1.13e-03  463.142 1.64e-03   0.0
      tb_cell_6_9 (transpose_buffer_cell_DATA_WIDTH8_150) 3.91e-05 1.13e-03  463.315 1.64e-03   0.0
      tb_cell_6_8 (transpose_buffer_cell_DATA_WIDTH8_151) 3.41e-05 1.13e-03  463.254 1.63e-03   0.0
      tb_cell_6_7 (transpose_buffer_cell_DATA_WIDTH8_152) 3.56e-05 1.14e-03  463.238 1.63e-03   0.0
      tb_cell_6_6 (transpose_buffer_cell_DATA_WIDTH8_153) 3.12e-05 1.14e-03  463.247 1.63e-03   0.0
      tb_cell_6_5 (transpose_buffer_cell_DATA_WIDTH8_154) 3.13e-05 1.13e-03  463.205 1.63e-03   0.0
      tb_cell_6_4 (transpose_buffer_cell_DATA_WIDTH8_155) 3.94e-05 1.13e-03  463.464 1.64e-03   0.0
      tb_cell_6_3 (transpose_buffer_cell_DATA_WIDTH8_156) 3.13e-05 1.13e-03  463.271 1.63e-03   0.0
      tb_cell_6_2 (transpose_buffer_cell_DATA_WIDTH8_157) 4.51e-05 1.13e-03  466.221 1.65e-03   0.0
      tb_cell_6_1 (transpose_buffer_cell_DATA_WIDTH8_158) 4.08e-05 1.13e-03  463.288 1.64e-03   0.0
      tb_cell_6_0 (transpose_buffer_cell_DATA_WIDTH8_159) 4.30e-05 1.13e-03  463.111 1.64e-03   0.0
      tb_cell_5_15 (transpose_buffer_cell_DATA_WIDTH8_160) 3.69e-05 1.13e-03  464.602 1.63e-03   0.0
      tb_cell_5_14 (transpose_buffer_cell_DATA_WIDTH8_161) 5.36e-05 1.13e-03  467.888 1.65e-03   0.0
      tb_cell_5_13 (transpose_buffer_cell_DATA_WIDTH8_162) 4.04e-05 1.13e-03  464.633 1.64e-03   0.0
      tb_cell_5_12 (transpose_buffer_cell_DATA_WIDTH8_163) 3.61e-05 1.13e-03  464.790 1.63e-03   0.0
      tb_cell_5_11 (transpose_buffer_cell_DATA_WIDTH8_164) 3.60e-05 1.13e-03  464.759 1.63e-03   0.0
      tb_cell_5_10 (transpose_buffer_cell_DATA_WIDTH8_165) 3.46e-05 1.13e-03  464.581 1.63e-03   0.0
      tb_cell_5_9 (transpose_buffer_cell_DATA_WIDTH8_166) 3.83e-05 1.13e-03  464.765 1.64e-03   0.0
      tb_cell_5_8 (transpose_buffer_cell_DATA_WIDTH8_167) 4.17e-05 1.13e-03  464.720 1.64e-03   0.0
      tb_cell_5_7 (transpose_buffer_cell_DATA_WIDTH8_168) 3.83e-05 1.13e-03  464.717 1.63e-03   0.0
      tb_cell_5_6 (transpose_buffer_cell_DATA_WIDTH8_169) 3.52e-05 1.13e-03  464.713 1.63e-03   0.0
      tb_cell_5_5 (transpose_buffer_cell_DATA_WIDTH8_170) 3.49e-05 1.13e-03  464.672 1.63e-03   0.0
      tb_cell_5_4 (transpose_buffer_cell_DATA_WIDTH8_171) 4.51e-05 1.13e-03  464.940 1.64e-03   0.0
      tb_cell_5_3 (transpose_buffer_cell_DATA_WIDTH8_172) 3.63e-05 1.13e-03  464.712 1.63e-03   0.0
      tb_cell_5_2 (transpose_buffer_cell_DATA_WIDTH8_173) 4.31e-05 1.13e-03  467.672 1.64e-03   0.0
      tb_cell_5_1 (transpose_buffer_cell_DATA_WIDTH8_174) 4.76e-05 1.13e-03  467.915 1.65e-03   0.0
      tb_cell_5_0 (transpose_buffer_cell_DATA_WIDTH8_175) 4.63e-05 1.13e-03  467.685 1.65e-03   0.0
      tb_cell_4_15 (transpose_buffer_cell_DATA_WIDTH8_176) 5.24e-05 1.13e-03  469.335 1.65e-03   0.0
      tb_cell_4_14 (transpose_buffer_cell_DATA_WIDTH8_177) 5.43e-05 1.13e-03  469.482 1.65e-03   0.0
      tb_cell_4_13 (transpose_buffer_cell_DATA_WIDTH8_178) 3.86e-05 1.13e-03  466.191 1.64e-03   0.0
      tb_cell_4_12 (transpose_buffer_cell_DATA_WIDTH8_179) 5.75e-05 1.13e-03  469.547 1.66e-03   0.0
      tb_cell_4_11 (transpose_buffer_cell_DATA_WIDTH8_180) 4.44e-05 1.13e-03  466.388 1.64e-03   0.0
      tb_cell_4_10 (transpose_buffer_cell_DATA_WIDTH8_181) 6.18e-05 1.13e-03  469.293 1.66e-03   0.0
      tb_cell_4_9 (transpose_buffer_cell_DATA_WIDTH8_182) 4.83e-05 1.13e-03  466.362 1.65e-03   0.0
      tb_cell_4_8 (transpose_buffer_cell_DATA_WIDTH8_183) 5.10e-05 1.13e-03  469.475 1.65e-03   0.0
      tb_cell_4_7 (transpose_buffer_cell_DATA_WIDTH8_184) 4.45e-05 1.13e-03  466.354 1.64e-03   0.0
      tb_cell_4_6 (transpose_buffer_cell_DATA_WIDTH8_185) 4.29e-05 1.13e-03  466.307 1.64e-03   0.0
      tb_cell_4_5 (transpose_buffer_cell_DATA_WIDTH8_186) 3.93e-05 1.13e-03  466.286 1.63e-03   0.0
      tb_cell_4_4 (transpose_buffer_cell_DATA_WIDTH8_187) 4.34e-05 1.13e-03  466.563 1.64e-03   0.0
      tb_cell_4_3 (transpose_buffer_cell_DATA_WIDTH8_188) 3.76e-05 1.13e-03  466.284 1.63e-03   0.0
      tb_cell_4_2 (transpose_buffer_cell_DATA_WIDTH8_189) 3.97e-05 1.13e-03  466.137 1.64e-03   0.0
      tb_cell_4_1 (transpose_buffer_cell_DATA_WIDTH8_190) 5.29e-05 1.13e-03  469.538 1.65e-03   0.0
      tb_cell_4_0 (transpose_buffer_cell_DATA_WIDTH8_191) 5.04e-05 1.13e-03  469.271 1.65e-03   0.0
      tb_cell_3_15 (transpose_buffer_cell_DATA_WIDTH8_192) 5.58e-05 1.13e-03  471.126 1.65e-03   0.0
      tb_cell_3_14 (transpose_buffer_cell_DATA_WIDTH8_193) 4.42e-05 1.13e-03  468.129 1.64e-03   0.0
      tb_cell_3_13 (transpose_buffer_cell_DATA_WIDTH8_194) 4.31e-05 1.13e-03  467.955 1.64e-03   0.0
      tb_cell_3_12 (transpose_buffer_cell_DATA_WIDTH8_195) 4.38e-05 1.13e-03  468.240 1.64e-03   0.0
      tb_cell_3_11 (transpose_buffer_cell_DATA_WIDTH8_196) 4.61e-05 1.13e-03  468.222 1.64e-03   0.0
      tb_cell_3_10 (transpose_buffer_cell_DATA_WIDTH8_197) 4.44e-05 1.13e-03  467.921 1.64e-03   0.0
      tb_cell_3_9 (transpose_buffer_cell_DATA_WIDTH8_198) 4.50e-05 1.13e-03  468.149 1.64e-03   0.0
      tb_cell_3_8 (transpose_buffer_cell_DATA_WIDTH8_199) 7.19e-05 1.13e-03  471.280 1.67e-03   0.0
      tb_cell_3_7 (transpose_buffer_cell_DATA_WIDTH8_200) 6.86e-05 1.13e-03  471.307 1.67e-03   0.0
      tb_cell_3_6 (transpose_buffer_cell_DATA_WIDTH8_201) 6.01e-05 1.13e-03  471.232 1.66e-03   0.0
      tb_cell_3_5 (transpose_buffer_cell_DATA_WIDTH8_202) 5.43e-05 1.13e-03  468.090 1.65e-03   0.0
      tb_cell_3_4 (transpose_buffer_cell_DATA_WIDTH8_203) 6.71e-05 1.13e-03  471.515 1.67e-03   0.0
      tb_cell_3_3 (transpose_buffer_cell_DATA_WIDTH8_204) 5.77e-05 1.13e-03  471.171 1.66e-03   0.0
      tb_cell_3_2 (transpose_buffer_cell_DATA_WIDTH8_205) 6.14e-05 1.13e-03  471.057 1.66e-03   0.0
      tb_cell_3_1 (transpose_buffer_cell_DATA_WIDTH8_206) 5.50e-05 1.13e-03  471.329 1.66e-03   0.0
      tb_cell_3_0 (transpose_buffer_cell_DATA_WIDTH8_207) 6.07e-05 1.13e-03  471.049 1.66e-03   0.0
      tb_cell_2_15 (transpose_buffer_cell_DATA_WIDTH8_208) 4.72e-05 1.13e-03  469.975 1.64e-03   0.0
      tb_cell_2_14 (transpose_buffer_cell_DATA_WIDTH8_209) 4.35e-05 1.12e-03  470.110 1.64e-03   0.0
      tb_cell_2_13 (transpose_buffer_cell_DATA_WIDTH8_210) 4.70e-05 1.13e-03  469.918 1.64e-03   0.0
      tb_cell_2_12 (transpose_buffer_cell_DATA_WIDTH8_211) 4.73e-05 1.13e-03  470.253 1.64e-03   0.0
      tb_cell_2_11 (transpose_buffer_cell_DATA_WIDTH8_212) 4.91e-05 1.12e-03  470.231 1.64e-03   0.0
      tb_cell_2_10 (transpose_buffer_cell_DATA_WIDTH8_213) 5.13e-05 1.13e-03  469.873 1.65e-03   0.0
      tb_cell_2_9 (transpose_buffer_cell_DATA_WIDTH8_214) 4.77e-05 1.12e-03  470.119 1.64e-03   0.0
      tb_cell_2_8 (transpose_buffer_cell_DATA_WIDTH8_215) 5.14e-05 1.13e-03  470.135 1.65e-03   0.0
      tb_cell_2_7 (transpose_buffer_cell_DATA_WIDTH8_216) 4.61e-05 1.13e-03  470.155 1.64e-03   0.0
      tb_cell_2_6 (transpose_buffer_cell_DATA_WIDTH8_217) 5.58e-05 1.12e-03  473.210 1.65e-03   0.0
      tb_cell_2_5 (transpose_buffer_cell_DATA_WIDTH8_218) 5.71e-05 1.12e-03  473.229 1.65e-03   0.0
      tb_cell_2_4 (transpose_buffer_cell_DATA_WIDTH8_219) 6.68e-05 1.13e-03  470.386 1.66e-03   0.0
      tb_cell_2_3 (transpose_buffer_cell_DATA_WIDTH8_220) 4.47e-05 1.13e-03  473.153 1.64e-03   0.0
      tb_cell_2_2 (transpose_buffer_cell_DATA_WIDTH8_221) 4.59e-05 1.13e-03  473.036 1.65e-03   0.0
      tb_cell_2_1 (transpose_buffer_cell_DATA_WIDTH8_222) 4.80e-05 1.13e-03  473.319 1.65e-03   0.0
      tb_cell_2_0 (transpose_buffer_cell_DATA_WIDTH8_223) 3.79e-05 1.13e-03  469.877 1.64e-03   0.0
      tb_cell_1_15 (transpose_buffer_cell_DATA_WIDTH8_224) 4.07e-05 1.12e-03  472.138 1.64e-03   0.0
      tb_cell_1_14 (transpose_buffer_cell_DATA_WIDTH8_225) 6.01e-05 1.12e-03  475.396 1.66e-03   0.0
      tb_cell_1_13 (transpose_buffer_cell_DATA_WIDTH8_226) 4.55e-05 1.12e-03  472.047 1.64e-03   0.0
      tb_cell_1_12 (transpose_buffer_cell_DATA_WIDTH8_227) 4.01e-05 1.12e-03  472.446 1.64e-03   0.0
      tb_cell_1_11 (transpose_buffer_cell_DATA_WIDTH8_228) 4.35e-05 1.12e-03  472.426 1.64e-03   0.0
      tb_cell_1_10 (transpose_buffer_cell_DATA_WIDTH8_229) 4.88e-05 1.12e-03  472.023 1.64e-03   0.0
      tb_cell_1_9 (transpose_buffer_cell_DATA_WIDTH8_230) 5.82e-05 1.12e-03  475.432 1.66e-03   0.0
      tb_cell_1_8 (transpose_buffer_cell_DATA_WIDTH8_231) 5.34e-05 1.12e-03  472.310 1.65e-03   0.0
      tb_cell_1_7 (transpose_buffer_cell_DATA_WIDTH8_232) 6.17e-05 1.12e-03  475.469 1.66e-03   0.0
      tb_cell_1_6 (transpose_buffer_cell_DATA_WIDTH8_233) 5.91e-05 1.12e-03  475.376 1.66e-03   0.0
      tb_cell_1_5 (transpose_buffer_cell_DATA_WIDTH8_234) 5.87e-05 1.12e-03  472.282 1.65e-03   0.0
      tb_cell_1_4 (transpose_buffer_cell_DATA_WIDTH8_235) 5.86e-05 1.12e-03  472.590 1.65e-03   0.0
      tb_cell_1_3 (transpose_buffer_cell_DATA_WIDTH8_236) 4.78e-05 1.12e-03  475.333 1.65e-03   0.0
      tb_cell_1_2 (transpose_buffer_cell_DATA_WIDTH8_237) 4.90e-05 1.12e-03  475.207 1.65e-03   0.0
      tb_cell_1_1 (transpose_buffer_cell_DATA_WIDTH8_238) 4.00e-05 1.12e-03  472.339 1.63e-03   0.0
      tb_cell_1_0 (transpose_buffer_cell_DATA_WIDTH8_239) 5.14e-05 1.12e-03  475.175 1.65e-03   0.0
      tb_cell_0_15 (transpose_buffer_cell_DATA_WIDTH8_240) 5.12e-05 1.12e-03  486.818 1.66e-03   0.0
      tb_cell_0_14 (transpose_buffer_cell_DATA_WIDTH8_241) 5.42e-05 1.12e-03  486.895 1.66e-03   0.0
      tb_cell_0_13 (transpose_buffer_cell_DATA_WIDTH8_242) 6.34e-05 1.12e-03  486.676 1.67e-03   0.0
      tb_cell_0_12 (transpose_buffer_cell_DATA_WIDTH8_243) 5.30e-05 1.12e-03  484.001 1.66e-03   0.0
      tb_cell_0_11 (transpose_buffer_cell_DATA_WIDTH8_244) 5.82e-05 1.12e-03  487.211 1.67e-03   0.0
      tb_cell_0_10 (transpose_buffer_cell_DATA_WIDTH8_245) 7.35e-05 1.12e-03  486.666 1.68e-03   0.0
      tb_cell_0_9 (transpose_buffer_cell_DATA_WIDTH8_246) 7.74e-05 1.12e-03  487.058 1.68e-03   0.0
      tb_cell_0_8 (transpose_buffer_cell_DATA_WIDTH8_247) 7.53e-05 1.12e-03  486.940 1.68e-03   0.0
      tb_cell_0_7 (transpose_buffer_cell_DATA_WIDTH8_248) 7.40e-05 1.12e-03  487.053 1.68e-03   0.0
      tb_cell_0_6 (transpose_buffer_cell_DATA_WIDTH8_249) 6.25e-05 1.12e-03  483.869 1.66e-03   0.0
      tb_cell_0_5 (transpose_buffer_cell_DATA_WIDTH8_250) 6.59e-05 1.12e-03  487.033 1.67e-03   0.0
      tb_cell_0_4 (transpose_buffer_cell_DATA_WIDTH8_251) 7.85e-05 1.12e-03  487.371 1.68e-03   0.0
      tb_cell_0_3 (transpose_buffer_cell_DATA_WIDTH8_252) 5.32e-05 1.12e-03  486.948 1.66e-03   0.0
      tb_cell_0_2 (transpose_buffer_cell_DATA_WIDTH8_253) 5.67e-05 1.12e-03  486.610 1.66e-03   0.0
      tb_cell_0_1 (transpose_buffer_cell_DATA_WIDTH8_254) 4.94e-05 1.12e-03  487.010 1.66e-03   0.0
      tb_cell_0_0 (transpose_buffer_cell_DATA_WIDTH8_255) 4.83e-05 1.12e-03  486.808 1.66e-03   0.0
  fme_con (fme_controle_DATA_WIDTH8)   1.46e-04 5.80e-04  613.722 1.34e-03   0.0
1
