 
****************************************
Report : constraint
        -all_violators
        -max_delay
        -min_delay
        -max_capacitance
        -max_transition
Design : fme
Version: M-2016.12-SP4
Date   : Fri Jun 23 12:41:53 2017
****************************************


   max_capacitance

                             Required        Actual
   Net                      Capacitance    Capacitance       Slack
   -----------------------------------------------------------------
   fme_op/out_fils_19[1]       0.022          0.022          0.000  (VIOLATED: increase significant digits)
   fme_op/out_fils_10[7]       0.022          0.022          0.000  (VIOLATED: increase significant digits)

   -----------------------------------------------------------------
   Total                      2                 -0.000  

1
