 
****************************************
Report : timing
        -path full_clock
        -delay min
        -physical
        -derate
        -input_pins
        -nets
        -max_paths 1
        -transition_time
        -crosstalk_delta
        -capacitance
Design : fme
Version: M-2016.12-SP4
Date   : Fri Jun 23 12:41:53 2017
****************************************

 * Some/all delay information is back-annotated.

 # A fanout number of 1000 was used for high fanout net computations.

Operating Conditions: NCCOM   Library: tcbn45gsbwptc_ccs
Wire Load Model Mode: Inactive.

  Startpoint: fme_op/buffer_ver/cell_7_0/out_reg_0_
              (rising edge-triggered flip-flop clocked by CLOCK)
  Endpoint: fme_op/buffer_ver/cell_7_1/out_reg_0_
            (rising edge-triggered flip-flop clocked by CLOCK)
  Path Group: CLOCK
  Path Type: min

Attributes:
    d - dont_touch
    u - dont_use
   mo - map_only
   so - size_only
    i - ideal_net or ideal_network
  inf - infeasible path

  Point                                       Fanout       Cap     DTran     Trans     Delta     Derate      Incr       Path      Location / Load        Attributes
  --------------------------------------------------------------------------------------------------------------------------------------------------------------------
  clock CLOCK (rise edge)                                                                                   0.000      0.000
  clock network delay (ideal)                                                                               0.000      0.000
  fme_op/buffer_ver/cell_7_0/out_reg_0_/CP (EDFCNQD1BWP)           0.000     0.000     0.000                0.000 #    0.000 r    (255.96,297.16)
  fme_op/buffer_ver/cell_7_0/out_reg_0_/Q (EDFCNQD1BWP)                      0.009                          0.060      0.060 f    (259.24,297.27)
  fme_op/buffer_ver/cell_7_0/out[0] (net)       1        0.001                                              0.000      0.060 f    [0.00,0.00]
  fme_op/buffer_ver/cell_7_0/out[0] (buffer_cell_DATA_WIDTH8_937)                                           0.000      0.060 f    (netlink)
  fme_op/buffer_ver/out_of_7_0[0] (net)                  0.001                                              0.000      0.060 f    [0.00,0.00]
  fme_op/buffer_ver/cell_7_1/in[0] (buffer_cell_DATA_WIDTH8_910)                                            0.000      0.060 f    (netlink)
  fme_op/buffer_ver/cell_7_1/in[0] (net)                 0.001                                              0.000      0.060 f    [0.00,0.00]
  fme_op/buffer_ver/cell_7_1/out_reg_0_/D (EDFCNQD1BWP)            0.000     0.009     0.000                0.000 *    0.060 f    (259.02,297.15)
  data arrival time                                                                                                    0.060

  clock CLOCK (rise edge)                                                                                   0.000      0.000
  clock network delay (ideal)                                                                               0.000      0.000
  fme_op/buffer_ver/cell_7_1/out_reg_0_/CP (EDFCNQD1BWP)                                                    0.000      0.000 r
  library hold time                                                                                        -0.005     -0.005
  data required time                                                                                                  -0.005
  --------------------------------------------------------------------------------------------------------------------------------------------------------------------
  data required time                                                                                                  -0.005
  data arrival time                                                                                                   -0.060
  --------------------------------------------------------------------------------------------------------------------------------------------------------------------
  slack (MET)                                                                                                          0.065


1
