 
****************************************
Report : area
Design : fme
Version: L-2016.03-SP1
Date   : Tue Nov 14 20:04:04 2017
****************************************

Library(s) Used:

    tcbn45gsbwptc_ccs (File: /home/library/tsmc_library/45nm/nominal_vt/digital/Front_End/timing_power_noise/CCS/tcbn45gsbwp_120a/tcbn45gsbwptc_ccs.db)

Number of ports:                        53263
Number of nets:                         92087
Number of cells:                        36594
Number of combinational cells:          20232
Number of sequential cells:             14657
Number of macros/black boxes:               0
Number of buf/inv:                       5093
Number of references:                       5

Combinational area:              42775.059962
Buf/Inv area:                     2972.869297
Noncombinational area:           80986.477470
Macro/Black Box area:                0.000000
Net Interconnect area:      undefined  (Wire load has zero net area)

Total cell area:                123761.537432
Total area:                 undefined

Core Area:                    207534
Aspect Ratio:                 1.0025
Utilization Ratio:            0.5964


The above information was reported from the logical library. The following are from the physical library:

  Total moveable cell area: 123761.5
  Total fixed cell area: 0.0
  Total physical cell area: 123761.5
 Core area: 0.000, 0.000, 455.000, 456.120
1
