 
****************************************
Report : timing
        -path full_clock
        -delay max
        -physical
        -derate
        -input_pins
        -nets
        -max_paths 1
        -transition_time
        -crosstalk_delta
        -capacitance
Design : fme
Version: L-2016.03-SP1
Date   : Tue Nov 14 20:17:25 2017
****************************************

 * Some/all delay information is back-annotated.

 # A fanout number of 1000 was used for high fanout net computations.

Operating Conditions: NCCOM   Library: tcbn45gsbwptc_ccs
Wire Load Model Mode: Inactive.

  Startpoint: fme_con/state_reg_3_
              (rising edge-triggered flip-flop clocked by CLOCK)
  Endpoint: fme_op/buffer_b_superior/tb_cell_0_3/out_reg_9_
            (rising edge-triggered flip-flop clocked by CLOCK)
  Path Group: CLOCK
  Path Type: max

Attributes:
    d - dont_touch
    u - dont_use
   mo - map_only
   so - size_only
    i - ideal_net or ideal_network
  inf - infeasible path

  Point                                       Fanout       Cap     DTran     Trans     Delta     Derate      Incr       Path      Location / Load        Attributes
  --------------------------------------------------------------------------------------------------------------------------------------------------------------------
  clock CLOCK (rise edge)                                                                                   0.000      0.000
  clock network delay (ideal)                                                                               0.087      0.087
  fme_con/state_reg_3_/CP (EDFCNQD4BWP)                            0.000     0.037     0.000                0.000 #    0.087 r    (150.50,215.59)
  fme_con/state_reg_3_/Q (EDFCNQD4BWP)                                       0.020                          0.073      0.160 r    (154.15,215.70)
  fme_con/state[3] (net)                        5        0.010                                              0.000      0.160 r    [0.00,0.01]
  fme_con/U9/I (INVD4BWP)                                          0.000     0.020     0.000                0.000 *    0.160 r    (154.92,219.35)
  fme_con/U9/ZN (INVD4BWP)                                                   0.011                          0.011      0.171 f    (155.31,219.33)
  fme_con/n8 (net)                              4        0.006                                              0.000      0.171 f    [0.00,0.01]
  fme_con/U10/A1 (ND2D4BWP)                                        0.000     0.011     0.000                0.000 *    0.171 f    (155.32,220.87)
  fme_con/U10/ZN (ND2D4BWP)                                                  0.012                          0.010      0.181 r    (155.94,221.07)
  fme_con/n6 (net)                              3        0.004                                              0.000      0.181 r    [0.00,0.00]
  fme_con/U12/I (INVD3BWP)                                         0.000     0.012     0.000                0.000 *    0.181 r    (154.93,222.36)
  fme_con/U12/ZN (INVD3BWP)                                                  0.007                          0.007      0.188 f    (155.35,222.35)
  fme_con/n50 (net)                             1        0.002                                              0.000      0.188 f    [0.00,0.00]
  fme_con/U11/A1 (ND2D3BWP)                                        0.000     0.007     0.000                0.000 *    0.188 f    (155.07,222.39)
  fme_con/U11/ZN (ND2D3BWP)                                                  0.032                          0.018      0.206 r    (155.30,222.43)
  fme_con/n51 (net)                             2        0.012                                              0.000      0.206 r    [0.00,0.01]
  fme_con/U65/A1 (CKND2D8BWP)                                      0.000     0.032     0.000                0.001 *    0.206 r    (108.93,222.32)
  fme_con/U65/ZN (CKND2D8BWP)                                                0.088                          0.061      0.267 f    (109.80,222.66)
  fme_con/direction_buffer_a (net)             18        0.078                                              0.000      0.267 f    [0.05,0.08]
  fme_con/direction_buffer_a (fme_controle_DATA_WIDTH8)                                                     0.000      0.267 f    (netlink)
  direction_buffer_a (net)                               0.078                                              0.000      0.267 f    [0.05,0.08]
  fme_op/direction_buffer_b (fme_operativo_DATA_WIDTH8)                                                     0.000      0.267 f    (netlink)
  fme_op/direction_buffer_b (net)                        0.078                                              0.000      0.267 f    [0.05,0.08]
  fme_op/buffer_b_superior/direction (buffer_ah_DATA_WIDTH8_3)                                              0.000      0.267 f    (netlink)
  fme_op/buffer_b_superior/direction (net)               0.078                                              0.000      0.267 f    [0.05,0.08]
  fme_op/buffer_b_superior/U110/I (BUFFD8BWP)                      0.000     0.088     0.000                0.011 *    0.278 f    (116.42,34.65)
  fme_op/buffer_b_superior/U110/Z (BUFFD8BWP)                                0.026                          0.047      0.325 f    (117.60,34.42)
  fme_op/buffer_b_superior/n62 (net)           25        0.035                                              0.000      0.325 f    [0.01,0.04]
  fme_op/buffer_b_superior/U40/S (CKMUX2D1BWP)                     0.000     0.026     0.000                0.000 *    0.325 f    (114.44,19.97)
  fme_op/buffer_b_superior/U40/Z (CKMUX2D1BWP)                               0.020                          0.037      0.363 f    (115.56,20.03)
  fme_op/buffer_b_superior/out_2[5] (net)       2        0.003                                              0.000      0.363 f    [0.00,0.00]
  fme_op/buffer_b_superior/out_2[5] (buffer_ah_DATA_WIDTH8_3)                                               0.000      0.363 f    (netlink)
  fme_op/out_b_sup_2[5] (net)                            0.003                                              0.000      0.363 f    [0.00,0.00]
  fme_op/mux_primario/in_42[5] (mux3x1_DATA_WIDTH8_1)                                                       0.000      0.363 f    (netlink)
  fme_op/mux_primario/in_42[5] (net)                     0.003                                              0.000      0.363 f    [0.00,0.00]
  fme_op/mux_primario/U138/A1 (AOI22D1BWP)                         0.000     0.020     0.000                0.000 *    0.363 f    (114.76,22.09)
  fme_op/mux_primario/U138/ZN (AOI22D1BWP)                                   0.070                          0.040      0.403 r    (114.67,22.20)
  fme_op/mux_primario/n87 (net)                 1        0.005                                              0.000      0.403 r    [0.00,0.00]
  fme_op/mux_primario/U139/B (IOA21D4BWP)                          0.000     0.070     0.000                0.000 *    0.403 r    (96.21,29.58)
  fme_op/mux_primario/U139/ZN (IOA21D4BWP)                                   0.100                          0.077      0.480 f    (96.70,29.83)
  fme_op/mux_primario/out_10[5] (net)          23        0.047                                              0.000      0.480 f    [0.02,0.05]
  fme_op/mux_primario/out_10[5] (mux3x1_DATA_WIDTH8_1)                                                      0.000      0.480 f    (netlink)
  fme_op/out_muxp_10[5] (net)                            0.047                                              0.000      0.480 f    [0.02,0.05]
  fme_op/filtro_primario/in_10[5] (filtros_DATA_WIDTH8_1)                                                   0.000      0.480 f    (netlink)
  fme_op/filtro_primario/in_10[5] (net)                  0.047                                              0.000      0.480 f    [0.02,0.05]
  fme_op/filtro_primario/filtromiddle_cell_04/in7[5] (filtromiddle_DATA_WIDTH8_14)                          0.000      0.480 f    (netlink)
  fme_op/filtro_primario/filtromiddle_cell_04/in7[5] (net)
                                                         0.047                                              0.000      0.480 f    [0.02,0.05]
  fme_op/filtro_primario/filtromiddle_cell_04/U56/I (CKND1BWP)     0.000     0.100     0.000                0.000 *    0.480 f    (95.61,28.35)
  fme_op/filtro_primario/filtromiddle_cell_04/U56/ZN (CKND1BWP)              0.091                          0.078      0.558 r    (95.75,28.33)
  fme_op/filtro_primario/filtromiddle_cell_04/n399 (net)
                                                1        0.012                                              0.000      0.558 r    [0.01,0.01]
  fme_op/filtro_primario/filtromiddle_cell_04/U35/B (FA1D0BWP)     0.000     0.091     0.000                0.001 *    0.559 r    (58.26,137.69)
  fme_op/filtro_primario/filtromiddle_cell_04/U35/S (FA1D0BWP)               0.027                          0.094      0.653 f    (60.10,137.60)
  fme_op/filtro_primario/filtromiddle_cell_04/n41 (net)
                                                1        0.003                                              0.000      0.653 f    [0.00,0.00]
  fme_op/filtro_primario/filtromiddle_cell_04/U60/A (FA1D0BWP)     0.000     0.027     0.000                0.000 *    0.653 f    (40.09,133.82)
  fme_op/filtro_primario/filtromiddle_cell_04/U60/S (FA1D0BWP)               0.026                          0.081      0.735 r    (43.01,133.73)
  fme_op/filtro_primario/filtromiddle_cell_04/n66 (net)
                                                1        0.002                                              0.000      0.735 r    [0.00,0.00]
  fme_op/filtro_primario/filtromiddle_cell_04/U75/CI (FA1D0BWP)    0.000     0.026     0.000                0.000 *    0.735 r    (51.61,136.60)
  fme_op/filtro_primario/filtromiddle_cell_04/U75/CO (FA1D0BWP)              0.031                          0.047      0.782 r    (52.28,136.68)
  fme_op/filtro_primario/filtromiddle_cell_04/n60 (net)
                                                1        0.002                                              0.000      0.782 r    [0.00,0.00]
  fme_op/filtro_primario/filtromiddle_cell_04/U71/CI (FA1D0BWP)    0.000     0.031     0.000                0.000 *    0.782 r    (69.25,139.38)
  fme_op/filtro_primario/filtromiddle_cell_04/U71/CO (FA1D0BWP)              0.052                          0.061      0.843 r    (69.93,139.46)
  fme_op/filtro_primario/filtromiddle_cell_04/n46 (net)
                                                1        0.004                                              0.000      0.843 r    [0.00,0.00]
  fme_op/filtro_primario/filtromiddle_cell_04/U63/B (FA1D0BWP)     0.000     0.052     0.000                0.000 *    0.843 r    (105.39,141.29)
  fme_op/filtro_primario/filtromiddle_cell_04/U63/S (FA1D0BWP)               0.025                          0.085      0.928 f    (107.23,141.20)
  fme_op/filtro_primario/filtromiddle_cell_04/n163 (net)
                                                2        0.002                                              0.000      0.928 f    [0.00,0.00]
  fme_op/filtro_primario/filtromiddle_cell_04/U72/A1 (NR2XD0BWP)
                                                                   0.000     0.025     0.000                0.000 *    0.928 f    (117.72,138.51)
  fme_op/filtro_primario/filtromiddle_cell_04/U72/ZN (NR2XD0BWP)             0.037                          0.028      0.957 r    (117.79,138.44)
  fme_op/filtro_primario/filtromiddle_cell_04/n344 (net)
                                                3        0.002                                              0.000      0.957 r    [0.00,0.00]
  fme_op/filtro_primario/filtromiddle_cell_04/U73/A2 (NR2XD0BWP)
                                                                   0.000     0.037     0.000                0.000 *    0.957 r    (123.14,140.97)
  fme_op/filtro_primario/filtromiddle_cell_04/U73/ZN (NR2XD0BWP)             0.028                          0.027      0.983 f    (123.45,141.01)
  fme_op/filtro_primario/filtromiddle_cell_04/n167 (net)
                                                1        0.002                                              0.000      0.983 f    [0.00,0.00]
  fme_op/filtro_primario/filtromiddle_cell_04/U136/A1 (AOI21D2BWP)
                                                                   0.000     0.028     0.000                0.000 *    0.983 f    (133.38,140.47)
  fme_op/filtro_primario/filtromiddle_cell_04/U136/ZN (AOI21D2BWP)           0.055                          0.036      1.020 r    (133.08,140.33)
  fme_op/filtro_primario/filtromiddle_cell_04/n328 (net)
                                                2        0.007                                              0.000      1.020 r    [0.00,0.01]
  fme_op/filtro_primario/filtromiddle_cell_04/U199/A1 (OAI21D4BWP)
                                                                   0.000     0.055     0.000                0.000 *    1.020 r    (168.04,140.83)
  fme_op/filtro_primario/filtromiddle_cell_04/U199/ZN (OAI21D4BWP)           0.033                          0.030      1.050 f    (169.13,140.97)
  fme_op/filtro_primario/filtromiddle_cell_04/n370 (net)
                                                4        0.009                                              0.000      1.050 f    [0.01,0.01]
  fme_op/filtro_primario/filtromiddle_cell_04/U125/I (CKND0BWP)    0.000     0.033     0.000                0.000 *    1.050 f    (200.26,110.25)
  fme_op/filtro_primario/filtromiddle_cell_04/U125/ZN (CKND0BWP)             0.018                          0.018      1.068 r    (200.40,110.24)
  fme_op/filtro_primario/filtromiddle_cell_04/n419 (net)
                                                1        0.001                                              0.000      1.068 r    [0.00,0.00]
  fme_op/filtro_primario/filtromiddle_cell_04/U122/A2 (OAI21D0BWP)
                                                                   0.000     0.018     0.000                0.000 *    1.068 r    (200.57,110.22)
  fme_op/filtro_primario/filtromiddle_cell_04/U122/ZN (OAI21D0BWP)           0.030                          0.022      1.090 f    (200.94,110.30)
  fme_op/filtro_primario/filtromiddle_cell_04/n418 (net)
                                                1        0.001                                              0.000      1.090 f    [0.00,0.00]
  fme_op/filtro_primario/filtromiddle_cell_04/U97/A1 (XNR2D0BWP)
                                                                   0.000     0.030     0.000                0.000 *    1.090 f    (200.70,110.25)
  fme_op/filtro_primario/filtromiddle_cell_04/U97/ZN (XNR2D0BWP)             0.019                          0.044      1.134 r    (201.80,110.22)
  fme_op/filtro_primario/filtromiddle_cell_04/out[9] (net)
                                                1        0.001                                              0.000      1.134 r    [0.00,0.00]
  fme_op/filtro_primario/filtromiddle_cell_04/out[9] (filtromiddle_DATA_WIDTH8_14)                          0.000      1.134 r    (netlink)
  fme_op/filtro_primario/out_12[9] (net)                 0.001                                              0.000      1.134 r    [0.00,0.00]
  fme_op/filtro_primario/out_12[9] (filtros_DATA_WIDTH8_1)                                                  0.000      1.134 r    (netlink)
  fme_op/out_filp_12[9] (net)                            0.001                                              0.000      1.134 r    [0.00,0.00]
  fme_op/buffer_b_superior/in_3[9] (buffer_ah_DATA_WIDTH8_3)                                                0.000      1.134 r    (netlink)
  fme_op/buffer_b_superior/in_3[9] (net)                 0.001                                              0.000      1.134 r    [0.00,0.00]
  fme_op/buffer_b_superior/tb_cell_0_3/in_0[9] (transpose_buffer_cell_DATA_WIDTH10_284)                     0.000      1.134 r    (netlink)
  fme_op/buffer_b_superior/tb_cell_0_3/in_0[9] (net)     0.001                                              0.000      1.134 r    [0.00,0.00]
  fme_op/buffer_b_superior/tb_cell_0_3/U7/A1 (AO22D0BWP)           0.000     0.019     0.000                0.000 *    1.134 r    (201.18,107.25)
  fme_op/buffer_b_superior/tb_cell_0_3/U7/Z (AO22D0BWP)                      0.017                          0.029      1.162 r    (202.02,107.10)
  fme_op/buffer_b_superior/tb_cell_0_3/n12 (net)
                                                1        0.001                                              0.000      1.162 r    [0.00,0.00]
  fme_op/buffer_b_superior/tb_cell_0_3/out_reg_9_/D (EDFCNQD1BWP)
                                                                   0.000     0.017     0.000                0.000 *    1.162 r    (201.97,107.51)
  data arrival time                                                                                                    1.162

  clock CLOCK (rise edge)                                                                                   1.237      1.237
  clock network delay (ideal)                                                                               0.087      1.323
  clock uncertainty                                                                                        -0.124      1.199
  fme_op/buffer_b_superior/tb_cell_0_3/out_reg_9_/CP (EDFCNQD1BWP)                                          0.000      1.199 r
  library setup time                                                                                       -0.037      1.162
  data required time                                                                                                   1.162
  --------------------------------------------------------------------------------------------------------------------------------------------------------------------
  data required time                                                                                                   1.162
  data arrival time                                                                                                   -1.162
  --------------------------------------------------------------------------------------------------------------------------------------------------------------------
  slack (MET)                                                                                                          0.000


1
