 
****************************************
Report : constraint
        -all_violators
        -max_delay
        -min_delay
        -max_capacitance
        -max_transition
Design : fme
Version: L-2016.03-SP1
Date   : Tue Nov 14 19:50:57 2017
****************************************


   max_capacitance

                             Required        Actual
   Net                      Capacitance    Capacitance       Slack
   -----------------------------------------------------------------
   fme_op/out_fils_9[0]        0.022          0.022          0.000  (VIOLATED: increase significant digits)
   fme_op/out_fils_11[5]       0.022          0.022          0.000  (VIOLATED: increase significant digits)
   fme_op/out_fils_10[4]       0.022          0.022          0.000  (VIOLATED: increase significant digits)

   -----------------------------------------------------------------
   Total                      3                 -0.000  

1
