 
****************************************
Report : timing
        -path full_clock
        -delay max
        -physical
        -derate
        -input_pins
        -nets
        -max_paths 1
        -transition_time
        -crosstalk_delta
        -capacitance
Design : fme
Version: L-2016.03-SP1
Date   : Tue Nov 14 20:04:02 2017
****************************************

 * Some/all delay information is back-annotated.

 # A fanout number of 1000 was used for high fanout net computations.

Operating Conditions: NCCOM   Library: tcbn45gsbwptc_ccs
Wire Load Model Mode: Inactive.

  Startpoint: fme_con/state_reg_1_
              (rising edge-triggered flip-flop clocked by CLOCK)
  Endpoint: fme_op/buffer_a_inferior/tb_cell_0_2/out_reg_9_
            (rising edge-triggered flip-flop clocked by CLOCK)
  Path Group: CLOCK
  Path Type: max

Attributes:
    d - dont_touch
    u - dont_use
   mo - map_only
   so - size_only
    i - ideal_net or ideal_network
  inf - infeasible path

  Point                                       Fanout       Cap     DTran     Trans     Delta     Derate      Incr       Path      Location / Load        Attributes
  --------------------------------------------------------------------------------------------------------------------------------------------------------------------
  clock CLOCK (rise edge)                                                                                   0.000      0.000
  clock network delay (ideal)                                                                               0.173      0.173
  fme_con/state_reg_1_/CP (EDFCNQD1BWP)                            0.000     0.074     0.000                0.000 #    0.173 r    (177.73,229.95)
  fme_con/state_reg_1_/Q (EDFCNQD1BWP)                                       0.042                          0.095      0.268 r    (181.01,230.06)
  fme_con/state[1] (net)                        8        0.006                                              0.000      0.268 r    [0.00,0.01]
  fme_con/U8/A1 (NR2XD0BWP)                                        0.000     0.042     0.000                0.000 *    0.268 r    (180.52,225.06)
  fme_con/U8/ZN (NR2XD0BWP)                                                  0.023                          0.023      0.290 f    (180.58,224.98)
  fme_con/n8 (net)                              2        0.001                                              0.000      0.290 f    [0.00,0.00]
  fme_con/U9/A2 (ND2D1BWP)                                         0.000     0.023     0.000                0.000 *    0.290 f    (180.53,224.19)
  fme_con/U9/ZN (ND2D1BWP)                                                   0.056                          0.039      0.329 r    (180.84,224.35)
  fme_con/n29 (net)                             8        0.009                                              0.000      0.329 r    [0.00,0.01]
  fme_con/U10/A2 (ND2D4BWP)                                        0.000     0.056     0.000                0.000 *    0.330 r    (186.32,228.23)
  fme_con/U10/ZN (ND2D4BWP)                                                  0.210                          0.137      0.467 f    (185.79,228.50)
  fme_con/direction_buffer_int (net)           36        0.108                                              0.000      0.467 f    [0.08,0.11]
  fme_con/U16/I (INVD2BWP)                                         0.000     0.210     0.000                0.001 *    0.467 f    (179.50,227.40)
  fme_con/U16/ZN (INVD2BWP)                                                  0.068                          0.049      0.517 r    (179.72,227.39)
  fme_con/n36 (net)                             3        0.005                                              0.000      0.517 r    [0.00,0.01]
  fme_con/U23/A1 (ND2D2BWP)                                        0.000     0.068     0.000                0.000 *    0.517 r    (174.94,225.83)
  fme_con/U23/ZN (ND2D2BWP)                                                  0.032                          0.026      0.542 f    (175.27,226.08)
  fme_con/direction_buffer_b (net)              2        0.004                                              0.000      0.542 f    [0.00,0.00]
  fme_con/direction_buffer_b (fme_controle_DATA_WIDTH8)                                                     0.000      0.542 f    (netlink)
  direction_buffer_b (net)                               0.004                                              0.000      0.542 f    [0.00,0.00]
  U49/I (BUFFD8BWP)                                                0.000     0.032     0.000                0.000 *    0.542 f    (175.15,224.91)
  U49/Z (BUFFD8BWP)                                                          0.062                          0.057      0.599 f    (176.33,224.68)
  n53 (net)                                    38        0.110                                              0.000      0.599 f    [0.08,0.11]
  fme_op/c1 (fme_operativo_DATA_WIDTH8)                                                                     0.000      0.599 f    (netlink)
  fme_op/c1 (net)                                        0.110                                              0.000      0.599 f    [0.08,0.11]
  fme_op/mux_secundario/c1 (mux3x1_DATA_WIDTH8_0)                                                           0.000      0.599 f    (netlink)
  fme_op/mux_secundario/c1 (net)                         0.110                                              0.000      0.599 f    [0.08,0.11]
  fme_op/mux_secundario/U3/I (BUFFD1BWP)                           0.000     0.063     0.000                0.009 *    0.608 f    (103.62,271.54)
  fme_op/mux_secundario/U3/Z (BUFFD1BWP)                                     0.023                          0.045      0.653 f    (104.01,271.51)
  fme_op/mux_secundario/n96 (net)               2        0.004                                              0.000      0.653 f    [0.00,0.00]
  fme_op/mux_secundario/U2/A2 (AN2D2BWP)                           0.000     0.023     0.000                0.000 *    0.653 f    (120.09,264.48)
  fme_op/mux_secundario/U2/Z (AN2D2BWP)                                      0.052                          0.049      0.703 f    (120.47,264.61)
  fme_op/mux_secundario/n68 (net)               5        0.024                                              0.000      0.703 f    [0.02,0.02]
  fme_op/mux_secundario/U15/I (BUFFD3BWP)                          0.000     0.052     0.000                0.004 *    0.707 f    (153.74,444.16)
  fme_op/mux_secundario/U15/Z (BUFFD3BWP)                                    0.074                          0.072      0.779 f    (154.38,444.10)
  fme_op/mux_secundario/n99 (net)              40        0.052                                              0.000      0.779 f    [0.01,0.05]
  fme_op/mux_secundario/U40/S (CKMUX2D2BWP)                        0.000     0.074     0.000                0.001 *    0.780 f    (185.60,443.04)
  fme_op/mux_secundario/U40/Z (CKMUX2D2BWP)                                  0.174                          0.149      0.928 f    (186.62,442.94)
  fme_op/mux_secundario/out_7[3] (net)         38        0.081                                              0.000      0.928 f    [0.05,0.08]
  fme_op/mux_secundario/out_7[3] (mux3x1_DATA_WIDTH8_0)                                                     0.000      0.928 f    (netlink)
  fme_op/out_muxs_7[3] (net)                             0.081                                              0.000      0.928 f    [0.05,0.08]
  fme_op/filtro_secundario/in_7[3] (filtros_DATA_WIDTH8_0)                                                  0.000      0.928 f    (netlink)
  fme_op/filtro_secundario/in_7[3] (net)                 0.081                                              0.000      0.928 f    [0.05,0.08]
  fme_op/filtro_secundario/filtroup_cell_03/in5[3] (filtroup_DATA_WIDTH8_6)                                 0.000      0.928 f    (netlink)
  fme_op/filtro_secundario/filtroup_cell_03/in5[3] (net)
                                                         0.081                                              0.000      0.928 f    [0.05,0.08]
  fme_op/filtro_secundario/filtroup_cell_03/U30/I (INVD0BWP)       0.000     0.174     0.000                0.000 *    0.928 f    (185.38,441.60)
  fme_op/filtro_secundario/filtroup_cell_03/U30/ZN (INVD0BWP)                0.197                          0.158      1.087 r    (185.62,441.63)
  fme_op/filtro_secundario/filtroup_cell_03/n130 (net)
                                                2        0.016                                              0.000      1.087 r    [0.01,0.02]
  fme_op/filtro_secundario/filtroup_cell_03/DP_OP_28J4_123_1032_U54/A (CMPE42D1BWP)
                                                                   0.000     0.197     0.000                0.002 *    1.089 r    (12.33,434.13)
  fme_op/filtro_secundario/filtroup_cell_03/DP_OP_28J4_123_1032_U54/S (CMPE42D1BWP)
                                                                             0.020                          0.155      1.244 f    (19.02,434.13)
  fme_op/filtro_secundario/filtroup_cell_03/DP_OP_28J4_123_1032_n112 (net)
                                                1        0.002                                              0.000      1.244 f    [0.00,0.00]
  fme_op/filtro_secundario/filtroup_cell_03/DP_OP_28J4_123_1032_U53/A (CMPE42D1BWP)
                                                                   0.000     0.020     0.000                0.000 *    1.244 f    (14.23,431.66)
  fme_op/filtro_secundario/filtroup_cell_03/DP_OP_28J4_123_1032_U53/CO (CMPE42D1BWP)
                                                                             0.020                          0.129      1.373 r    (20.52,431.57)
  fme_op/filtro_secundario/filtroup_cell_03/DP_OP_28J4_123_1032_n108 (net)
                                                1        0.002                                              0.000      1.373 r    [0.00,0.00]
  fme_op/filtro_secundario/filtroup_cell_03/DP_OP_28J4_123_1032_U49/D (CMPE42D1BWP)
                                                                   0.000     0.020     0.000                0.000 *    1.373 r    (24.36,430.44)
  fme_op/filtro_secundario/filtroup_cell_03/DP_OP_28J4_123_1032_U49/CO (CMPE42D1BWP)
                                                                             0.020                          0.069      1.442 r    (26.09,430.44)
  fme_op/filtro_secundario/filtroup_cell_03/DP_OP_28J4_123_1032_n98 (net)
                                                1        0.002                                              0.000      1.442 r    [0.00,0.00]
  fme_op/filtro_secundario/filtroup_cell_03/DP_OP_28J4_123_1032_U46/D (CMPE42D1BWP)
                                                                   0.000     0.020     0.000                0.000 *    1.442 r    (30.72,430.51)
  fme_op/filtro_secundario/filtroup_cell_03/DP_OP_28J4_123_1032_U46/CO (CMPE42D1BWP)
                                                                             0.022                          0.070      1.512 r    (32.44,430.51)
  fme_op/filtro_secundario/filtroup_cell_03/DP_OP_28J4_123_1032_n89 (net)
                                                1        0.002                                              0.000      1.512 r    [0.00,0.00]
  fme_op/filtro_secundario/filtroup_cell_03/DP_OP_28J4_123_1032_U42/D (CMPE42D1BWP)
                                                                   0.000     0.022     0.000                0.000 *    1.512 r    (41.10,429.01)
  fme_op/filtro_secundario/filtroup_cell_03/DP_OP_28J4_123_1032_U42/CO (CMPE42D1BWP)
                                                                             0.023                          0.072      1.584 r    (42.83,429.00)
  fme_op/filtro_secundario/filtroup_cell_03/DP_OP_28J4_123_1032_n78 (net)
                                                1        0.003                                              0.000      1.584 r    [0.00,0.00]
  fme_op/filtro_secundario/filtroup_cell_03/DP_OP_28J4_123_1032_U38/D (CMPE42D1BWP)
                                                                   0.000     0.023     0.000                0.000 *    1.584 r    (56.02,427.73)
  fme_op/filtro_secundario/filtroup_cell_03/DP_OP_28J4_123_1032_U38/CO (CMPE42D1BWP)
                                                                             0.029                          0.076      1.660 r    (57.75,427.72)
  fme_op/filtro_secundario/filtroup_cell_03/DP_OP_28J4_123_1032_n67 (net)
                                                1        0.004                                              0.000      1.660 r    [0.00,0.00]
  fme_op/filtro_secundario/filtroup_cell_03/DP_OP_28J4_123_1032_U34/D (CMPE42D1BWP)
                                                                   0.000     0.029     0.000                0.000 *    1.660 r    (81.16,420.30)
  fme_op/filtro_secundario/filtroup_cell_03/DP_OP_28J4_123_1032_U34/CO (CMPE42D1BWP)
                                                                             0.026                          0.075      1.735 r    (82.89,420.30)
  fme_op/filtro_secundario/filtroup_cell_03/DP_OP_28J4_123_1032_n56 (net)
                                                1        0.003                                              0.000      1.735 r    [0.00,0.00]
  fme_op/filtro_secundario/filtroup_cell_03/DP_OP_28J4_123_1032_U30/D (CMPE42D1BWP)
                                                                   0.000     0.026     0.000                0.000 *    1.735 r    (100.04,416.88)
  fme_op/filtro_secundario/filtroup_cell_03/DP_OP_28J4_123_1032_U30/CO (CMPE42D1BWP)
                                                                             0.030                          0.077      1.812 r    (101.76,416.87)
  fme_op/filtro_secundario/filtroup_cell_03/DP_OP_28J4_123_1032_n45 (net)
                                                1        0.004                                              0.000      1.812 r    [0.00,0.00]
  fme_op/filtro_secundario/filtroup_cell_03/DP_OP_28J4_123_1032_U27/D (CMPE42D1BWP)
                                                                   0.000     0.030     0.000                0.000 *    1.812 r    (124.49,406.16)
  fme_op/filtro_secundario/filtroup_cell_03/DP_OP_28J4_123_1032_U27/CO (CMPE42D1BWP)
                                                                             0.033                          0.080      1.893 r    (126.21,406.15)
  fme_op/filtro_secundario/filtroup_cell_03/DP_OP_28J4_123_1032_n37 (net)
                                                1        0.005                                              0.000      1.893 r    [0.00,0.00]
  fme_op/filtro_secundario/filtroup_cell_03/DP_OP_28J4_123_1032_U25/D (CMPE42D1BWP)
                                                                   0.000     0.033     0.000                0.000 *    1.893 r    (156.93,395.72)
  fme_op/filtro_secundario/filtroup_cell_03/DP_OP_28J4_123_1032_U25/S (CMPE42D1BWP)
                                                                             0.018                          0.090      1.983 f    (159.06,395.82)
  fme_op/filtro_secundario/filtroup_cell_03/DP_OP_28J4_123_1032_n32 (net)
                                                1        0.002                                              0.000      1.983 f    [0.00,0.00]
  fme_op/filtro_secundario/filtroup_cell_03/U91/A (FA1D0BWP)       0.000     0.018     0.000                0.000 *    1.983 f    (167.53,394.93)
  fme_op/filtro_secundario/filtroup_cell_03/U91/CO (FA1D0BWP)                0.018                          0.074      2.056 f    (170.86,394.89)
  fme_op/filtro_secundario/filtroup_cell_03/n55 (net)
                                                1        0.001                                              0.000      2.056 f    [0.00,0.00]
  fme_op/filtro_secundario/filtroup_cell_03/U90/CI (FA1D0BWP)      0.000     0.018     0.000                0.000 *    2.056 f    (169.32,391.17)
  fme_op/filtro_secundario/filtroup_cell_03/U90/CO (FA1D0BWP)                0.019                          0.040      2.097 f    (170.00,391.25)
  fme_op/filtro_secundario/filtroup_cell_03/n53 (net)
                                                1        0.001                                              0.000      2.097 f    [0.00,0.00]
  fme_op/filtro_secundario/filtroup_cell_03/U89/CI (FA1D0BWP)      0.000     0.019     0.000                0.000 *    2.097 f    (173.91,387.90)
  fme_op/filtro_secundario/filtroup_cell_03/U89/CO (FA1D0BWP)                0.035                          0.053      2.150 f    (174.58,387.98)
  fme_op/filtro_secundario/filtroup_cell_03/n48 (net)
                                                1        0.004                                              0.000      2.150 f    [0.00,0.00]
  fme_op/filtro_secundario/filtroup_cell_03/U85/CI (FA1D1BWP)      0.000     0.035     0.000                0.000 *    2.150 f    (181.00,360.28)
  fme_op/filtro_secundario/filtroup_cell_03/U85/CO (FA1D1BWP)                0.020                          0.040      2.190 f    (181.70,360.37)
  fme_op/filtro_secundario/filtroup_cell_03/n51 (net)
                                                1        0.002                                              0.000      2.190 f    [0.00,0.00]
  fme_op/filtro_secundario/filtroup_cell_03/U87/A2 (XOR3D1BWP)     0.000     0.020     0.000                0.000 *    2.190 f    (182.57,346.34)
  fme_op/filtro_secundario/filtroup_cell_03/U87/Z (XOR3D1BWP)                0.121                          0.128      2.318 r    (184.80,346.31)
  fme_op/filtro_secundario/filtroup_cell_03/out[9] (net)
                                               17        0.022                                              0.000      2.318 r    [0.01,0.02]
  fme_op/filtro_secundario/filtroup_cell_03/out[9] (filtroup_DATA_WIDTH8_6)                                 0.000      2.318 r    (netlink)
  fme_op/filtro_secundario/out_2[9] (net)                0.022                                              0.000      2.318 r    [0.01,0.02]
  fme_op/filtro_secundario/out_2[9] (filtros_DATA_WIDTH8_0)                                                 0.000      2.318 r    (netlink)
  fme_op/out_fils_2[9] (net)                             0.022                                              0.000      2.318 r    [0.01,0.02]
  fme_op/buffer_a_inferior/in_2[9] (buffer_ah_DATA_WIDTH8_4)                                                0.000      2.318 r    (netlink)
  fme_op/buffer_a_inferior/in_2[9] (net)                 0.022                                              0.000      2.318 r    [0.01,0.02]
  fme_op/buffer_a_inferior/tb_cell_0_2/in_0[9] (transpose_buffer_cell_DATA_WIDTH10_357)                     0.000      2.318 r    (netlink)
  fme_op/buffer_a_inferior/tb_cell_0_2/in_0[9] (net)     0.022                                              0.000      2.318 r    [0.01,0.02]
  fme_op/buffer_a_inferior/tb_cell_0_2/U15/A2 (AO22D0BWP)          0.000     0.121     0.000                0.001 *    2.319 r    (184.73,281.60)
  fme_op/buffer_a_inferior/tb_cell_0_2/U15/Z (AO22D0BWP)                     0.019                          0.043      2.362 r    (185.30,281.55)
  fme_op/buffer_a_inferior/tb_cell_0_2/N16 (net)
                                                1        0.001                                              0.000      2.362 r    [0.00,0.00]
  fme_op/buffer_a_inferior/tb_cell_0_2/out_reg_9_/D (EDFCNQD1BWP)
                                                                   0.000     0.019     0.000                0.000 *    2.362 r    (185.52,280.74)
  data arrival time                                                                                                    2.362

  clock CLOCK (rise edge)                                                                                   2.473      2.473
  clock network delay (ideal)                                                                               0.173      2.646
  clock uncertainty                                                                                        -0.247      2.399
  fme_op/buffer_a_inferior/tb_cell_0_2/out_reg_9_/CP (EDFCNQD1BWP)                                          0.000      2.399 r
  library setup time                                                                                       -0.037      2.362
  data required time                                                                                                   2.362
  --------------------------------------------------------------------------------------------------------------------------------------------------------------------
  data required time                                                                                                   2.362
  data arrival time                                                                                                   -2.362
  --------------------------------------------------------------------------------------------------------------------------------------------------------------------
  slack (MET)                                                                                                          0.001


1
