 
****************************************
Report : timing
        -path full_clock
        -delay max
        -physical
        -derate
        -input_pins
        -nets
        -max_paths 1
        -transition_time
        -crosstalk_delta
        -capacitance
Design : fme
Version: L-2016.03-SP1
Date   : Tue Nov 14 15:53:56 2017
****************************************

 * Some/all delay information is back-annotated.

 # A fanout number of 1000 was used for high fanout net computations.

Operating Conditions: NCCOM   Library: tcbn45gsbwptc_ccs
Wire Load Model Mode: Inactive.

  Startpoint: fme_con/state_reg_2_
              (rising edge-triggered flip-flop clocked by CLOCK)
  Endpoint: out_13[4] (output port clocked by CLOCK)
  Path Group: CLOCK
  Path Type: max

Attributes:
    d - dont_touch
    u - dont_use
   mo - map_only
   so - size_only
    i - ideal_net or ideal_network
  inf - infeasible path

  Point                                       Fanout       Cap     DTran     Trans     Delta     Derate      Incr       Path      Location / Load        Attributes
  --------------------------------------------------------------------------------------------------------------------------------------------------------------------
  clock CLOCK (rise edge)                                                                                   0.000      0.000
  clock network delay (ideal)                                                                               2.770      2.770
  fme_con/state_reg_2_/CP (EDFCNQD1BWP)                            0.000     1.187     0.000                0.000 #    2.770 r    (208.39,396.43)
  fme_con/state_reg_2_/Q (EDFCNQD1BWP)                                       0.022                          0.218      2.988 f    (211.68,396.54)
  fme_con/state[2] (net)                        5        0.004                                              0.000      2.988 f    [0.00,0.00]
  fme_con/U3/I (INVD0BWP)                                          0.000     0.022     0.000                0.000 *    2.988 f    (212.43,397.62)
  fme_con/U3/ZN (INVD0BWP)                                                   0.022                          0.020      3.007 r    (212.66,397.65)
  fme_con/n16 (net)                             2        0.001                                              0.000      3.007 r    [0.00,0.00]
  fme_con/U4/A2 (NR2XD0BWP)                                        0.000     0.022     0.000                0.000 *    3.007 r    (212.76,397.69)
  fme_con/U4/ZN (NR2XD0BWP)                                                  0.033                          0.027      3.035 f    (213.08,397.73)
  fme_con/n14 (net)                             5        0.003                                              0.000      3.035 f    [0.00,0.00]
  fme_con/U5/I (INVD0BWP)                                          0.000     0.033     0.000                0.000 *    3.035 f    (216.19,396.95)
  fme_con/U5/ZN (INVD0BWP)                                                   0.058                          0.044      3.078 r    (216.43,396.98)
  fme_con/n24 (net)                             6        0.005                                              0.000      3.078 r    [0.00,0.00]
  fme_con/U11/A1 (ND2D0BWP)                                        0.000     0.058     0.000                0.000 *    3.078 r    (215.60,397.85)
  fme_con/U11/ZN (ND2D0BWP)                                                  0.039                          0.034      3.113 f    (215.65,397.92)
  fme_con/direction_buffer_int (net)            1        0.002                                              0.000      3.113 f    [0.00,0.00]
  fme_con/direction_buffer_int (fme_controle_DATA_WIDTH8)                                                   0.000      3.113 f    (netlink)
  n3 (net)                                               0.002                                              0.000      3.113 f    [0.00,0.00]
  U1/I (BUFFD6BWP)                                                 0.000     0.039     0.000                0.000 *    3.113 f    (219.52,397.53)
  U1/Z (BUFFD6BWP)                                                           0.183                          0.127      3.239 f    (220.34,397.50)
  n4 (net)                                    164        0.259                                              0.000      3.239 f    [0.16,0.26]
  fme_con/IN0 (fme_controle_DATA_WIDTH8)                                                                    0.000      3.239 f    (netlink)
  fme_con/IN0 (net)                                      0.259                                              0.000      3.239 f    [0.16,0.26]
  fme_con/U12/I (INVD0BWP)                                         0.000     0.183     0.000                0.001 *    3.241 f    (214.57,394.98)
  fme_con/U12/ZN (INVD0BWP)                                                  0.088                          0.079      3.319 r    (214.80,395.01)
  fme_con/n30 (net)                             3        0.004                                              0.000      3.319 r    [0.00,0.00]
  fme_con/U25/A1 (ND2D0BWP)                                        0.000     0.088     0.000                0.000 *    3.319 r    (213.70,395.14)
  fme_con/U25/ZN (ND2D0BWP)                                                  0.061                          0.052      3.372 f    (213.76,395.20)
  fme_con/direction_buffer_b (net)              2        0.003                                              0.000      3.372 f    [0.00,0.00]
  fme_con/direction_buffer_b (fme_controle_DATA_WIDTH8)                                                     0.000      3.372 f    (netlink)
  direction_buffer_b (net)                               0.003                                              0.000      3.372 f    [0.00,0.00]
  U3/I (CKBD4BWP)                                                  0.000     0.061     0.000                0.000 *    3.372 f    (212.26,393.76)
  U3/Z (CKBD4BWP)                                                            0.197                          0.135      3.507 f    (213.01,393.71)
  n7 (net)                                     81        0.172                                              0.000      3.507 f    [0.12,0.17]
  fme_op/direction_buffer_a (fme_operativo_DATA_WIDTH8)                                                     0.000      3.507 f    (netlink)
  fme_op/direction_buffer_a (net)                        0.172                                              0.000      3.507 f    [0.12,0.17]
  fme_op/buffer_a_superior/direction (buffer_ah_DATA_WIDTH8_5)                                              0.000      3.507 f    (netlink)
  fme_op/buffer_a_superior/direction (net)               0.172                                              0.000      3.507 f    [0.12,0.17]
  fme_op/buffer_a_superior/U9/I (BUFFD1BWP)                        0.000     0.204     0.000                0.046 *    3.553 f    (47.41,151.84)
  fme_op/buffer_a_superior/U9/Z (BUFFD1BWP)                                  0.094                          0.112      3.664 f    (47.80,151.80)
  fme_op/buffer_a_superior/n45 (net)           23        0.022                                              0.000      3.664 f    [0.01,0.02]
  fme_op/buffer_a_superior/U10/I (INVD0BWP)                        0.000     0.094     0.000                0.000 *    3.665 f    (43.00,165.66)
  fme_op/buffer_a_superior/U10/ZN (INVD0BWP)                                 0.167                          0.122      3.786 r    (43.24,165.69)
  fme_op/buffer_a_superior/n46 (net)           14        0.014                                              0.000      3.786 r    [0.00,0.01]
  fme_op/buffer_a_superior/U42/A1 (OA22D0BWP)                      0.000     0.167     0.000                0.000 *    3.786 r    (40.27,164.85)
  fme_op/buffer_a_superior/U42/Z (OA22D0BWP)                                 0.089                          0.093      3.879 r    (40.97,164.85)
  fme_op/buffer_a_superior/out_4[8] (net)       9        0.008                                              0.000      3.879 r    [0.00,0.01]
  fme_op/buffer_a_superior/out_4[8] (buffer_ah_DATA_WIDTH8_5)                                               0.000      3.879 r    (netlink)
  fme_op/out_a_sup_4[8] (net)                            0.008                                              0.000      3.879 r    [0.00,0.01]
  fme_op/U394/A1 (IAO21D1BWP)                                      0.000     0.089     0.000                0.000 *    3.879 r    (39.57,147.89)
  fme_op/U394/ZN (IAO21D1BWP)                                                0.204                          0.143      4.022 r    (40.29,147.94)
  fme_op/out_13[4] (net)                        1        0.020                                              0.000      4.022 r    [0.00,0.02]
  fme_op/out_13[4] (fme_operativo_DATA_WIDTH8)                                                              0.000      4.022 r    (netlink)
  out_13[4] (net)                                        0.020                                              0.000      4.022 r    [0.00,0.02]
  out_13[4] (out)                                                  0.000     0.204     0.000                0.001 *    4.023 r    ( 0.04,147.21)
  data arrival time                                                                                                    4.023

  clock CLOCK (rise edge)                                                                                  39.569     39.569
  clock network delay (ideal)                                                                               2.770     42.339
  clock uncertainty                                                                                        -3.957     38.382
  output external delay                                                                                   -23.742     14.641
  data required time                                                                                                  14.641
  --------------------------------------------------------------------------------------------------------------------------------------------------------------------
  data required time                                                                                                  14.641
  data arrival time                                                                                                   -4.023
  --------------------------------------------------------------------------------------------------------------------------------------------------------------------
  slack (MET)                                                                                                         10.618


1
